ARM GAS  C:\Users\JOHNSO~1\AppData\Local\Temp\cc08TJmq.s 			page 1


   1              		.cpu cortex-m0
   2              		.fpu softvfp
   3              		.eabi_attribute 20, 1
   4              		.eabi_attribute 21, 1
   5              		.eabi_attribute 23, 3
   6              		.eabi_attribute 24, 1
   7              		.eabi_attribute 25, 1
   8              		.eabi_attribute 26, 1
   9              		.eabi_attribute 30, 6
  10              		.eabi_attribute 34, 0
  11              		.eabi_attribute 18, 4
  12              		.code	16
  13              		.file	"main.c"
  14              		.text
  15              	.Ltext0:
  16              		.cfi_sections	.debug_frame
  17              		.section	.text.main,"ax",%progbits
  18              		.align	2
  19              		.global	main
  20              		.code	16
  21              		.thumb_func
  22              		.type	main, %function
  23              	main:
  24              	.LFB33:
  25              		.file 1 ".\\main.c"
   1:.\main.c      **** /* ========================================
   2:.\main.c      ****  *
   3:.\main.c      ****  * Copyright YOUR COMPANY, THE YEAR
   4:.\main.c      ****  * All Rights Reserved
   5:.\main.c      ****  * UNPUBLISHED, LICENSED SOFTWARE.
   6:.\main.c      ****  *
   7:.\main.c      ****  * CONFIDENTIAL AND PROPRIETARY INFORMATION
   8:.\main.c      ****  * WHICH IS THE PROPERTY OF your company.
   9:.\main.c      ****  *
  10:.\main.c      ****  * ========================================
  11:.\main.c      **** */
  12:.\main.c      **** #include <project.h>
  13:.\main.c      **** 
  14:.\main.c      **** int main()
  15:.\main.c      **** {
  26              		.loc 1 15 0
  27              		.cfi_startproc
  28 0000 80B5     		push	{r7, lr}
  29              		.cfi_def_cfa_offset 8
  30              		.cfi_offset 7, -8
  31              		.cfi_offset 14, -4
  32 0002 82B0     		sub	sp, sp, #8
  33              		.cfi_def_cfa_offset 16
  34 0004 00AF     		add	r7, sp, #0
  35              		.cfi_def_cfa_register 7
  16:.\main.c      ****     Mux_timer_Start();
  36              		.loc 1 16 0
  37 0006 FFF7FEFF 		bl	Mux_timer_Start
  17:.\main.c      ****     Cam_Sel_timer_Start();
  38              		.loc 1 17 0
  39 000a FFF7FEFF 		bl	Cam_Sel_timer_Start
  18:.\main.c      ****     Cam_sel_PWM_Start();
ARM GAS  C:\Users\JOHNSO~1\AppData\Local\Temp\cc08TJmq.s 			page 2


  40              		.loc 1 18 0
  41 000e FFF7FEFF 		bl	Cam_sel_PWM_Start
  19:.\main.c      ****     Default_PWM_Start();
  42              		.loc 1 19 0
  43 0012 FFF7FEFF 		bl	Default_PWM_Start
  44              	.L10:
  45              	.LBB2:
  20:.\main.c      ****     
  21:.\main.c      **** 
  22:.\main.c      ****     /* CyGlobalIntEnable; */ /* Uncomment this line to enable global interrupts. */
  23:.\main.c      ****     for(;;)
  24:.\main.c      ****     {
  25:.\main.c      **** 
  26:.\main.c      ****         uint16 timer1 = Mux_timer_ReadCapture();
  46              		.loc 1 26 0
  47 0016 FFF7FEFF 		bl	Mux_timer_ReadCapture
  48 001a 021C     		mov	r2, r0
  49 001c BB1D     		add	r3, r7, #6
  50 001e 1A80     		strh	r2, [r3]
  27:.\main.c      ****         uint16 cam_select_value = Cam_Sel_timer_ReadCapture();
  51              		.loc 1 27 0
  52 0020 FFF7FEFF 		bl	Cam_Sel_timer_ReadCapture
  53 0024 021C     		mov	r2, r0
  54 0026 3B1D     		add	r3, r7, #4
  55 0028 1A80     		strh	r2, [r3]
  28:.\main.c      ****       
  29:.\main.c      ****         if(Arm_select_Read() == 0) 
  56              		.loc 1 29 0
  57 002a FFF7FEFF 		bl	Arm_select_Read
  58 002e 031C     		mov	r3, r0
  59 0030 002B     		cmp	r3, #0
  60 0032 39D1     		bne	.L2
  30:.\main.c      ****         {
  31:.\main.c      ****             if (timer1 >= 500 && timer1 <= 2500)
  61              		.loc 1 31 0
  62 0034 BB1D     		add	r3, r7, #6
  63 0036 1A88     		ldrh	r2, [r3]
  64 0038 F423     		mov	r3, #244
  65 003a FF33     		add	r3, r3, #255
  66 003c 9A42     		cmp	r2, r3
  67 003e 17D9     		bls	.L3
  68              		.loc 1 31 0 is_stmt 0 discriminator 1
  69 0040 BB1D     		add	r3, r7, #6
  70 0042 1A88     		ldrh	r2, [r3]
  71 0044 1C4B     		ldr	r3, .L11
  72 0046 9A42     		cmp	r2, r3
  73 0048 12D8     		bhi	.L3
  32:.\main.c      ****             {
  33:.\main.c      ****                 if (timer1 > 1700)
  74              		.loc 1 33 0 is_stmt 1
  75 004a BB1D     		add	r3, r7, #6
  76 004c 1A88     		ldrh	r2, [r3]
  77 004e 1B4B     		ldr	r3, .L11+4
  78 0050 9A42     		cmp	r2, r3
  79 0052 06D9     		bls	.L4
  34:.\main.c      ****                 {
  35:.\main.c      ****                     LED_Write(1);
ARM GAS  C:\Users\JOHNSO~1\AppData\Local\Temp\cc08TJmq.s 			page 3


  80              		.loc 1 35 0
  81 0054 0120     		mov	r0, #1
  82 0056 FFF7FEFF 		bl	LED_Write
  36:.\main.c      ****                     INPUT_SELECT_Write(1);
  83              		.loc 1 36 0
  84 005a 0120     		mov	r0, #1
  85 005c FFF7FEFF 		bl	INPUT_SELECT_Write
  33:.\main.c      ****                 if (timer1 > 1700)
  86              		.loc 1 33 0
  87 0060 0CE0     		b	.L6
  88              	.L4:
  37:.\main.c      ****                 }
  38:.\main.c      ****                 else
  39:.\main.c      ****                 {
  40:.\main.c      ****                     LED_Write(0);
  89              		.loc 1 40 0
  90 0062 0020     		mov	r0, #0
  91 0064 FFF7FEFF 		bl	LED_Write
  41:.\main.c      ****                     INPUT_SELECT_Write(0);
  92              		.loc 1 41 0
  93 0068 0020     		mov	r0, #0
  94 006a FFF7FEFF 		bl	INPUT_SELECT_Write
  33:.\main.c      ****                 if (timer1 > 1700)
  95              		.loc 1 33 0
  96 006e 05E0     		b	.L6
  97              	.L3:
  42:.\main.c      ****                 }
  43:.\main.c      ****             }
  44:.\main.c      ****             else
  45:.\main.c      ****             {
  46:.\main.c      ****                 INPUT_SELECT_Write(0);
  98              		.loc 1 46 0
  99 0070 0020     		mov	r0, #0
 100 0072 FFF7FEFF 		bl	INPUT_SELECT_Write
  47:.\main.c      ****                 LED_Write(0);
 101              		.loc 1 47 0
 102 0076 0020     		mov	r0, #0
 103 0078 FFF7FEFF 		bl	LED_Write
 104              	.L6:
  48:.\main.c      ****             }
  49:.\main.c      ****             
  50:.\main.c      ****             if (cam_select_value >= 500 && cam_select_value <= 2500)
 105              		.loc 1 50 0
 106 007c 3B1D     		add	r3, r7, #4
 107 007e 1A88     		ldrh	r2, [r3]
 108 0080 F423     		mov	r3, #244
 109 0082 FF33     		add	r3, r3, #255
 110 0084 9A42     		cmp	r2, r3
 111 0086 0AD9     		bls	.L7
 112              		.loc 1 50 0 is_stmt 0 discriminator 1
 113 0088 3B1D     		add	r3, r7, #4
 114 008a 1A88     		ldrh	r2, [r3]
 115 008c 0A4B     		ldr	r3, .L11
 116 008e 9A42     		cmp	r2, r3
 117 0090 05D8     		bhi	.L7
  51:.\main.c      ****             {
  52:.\main.c      ****                 Cam_sel_PWM_WriteCompare(cam_select_value);
ARM GAS  C:\Users\JOHNSO~1\AppData\Local\Temp\cc08TJmq.s 			page 4


 118              		.loc 1 52 0 is_stmt 1
 119 0092 3B1D     		add	r3, r7, #4
 120 0094 1B88     		ldrh	r3, [r3]
 121 0096 181C     		mov	r0, r3
 122 0098 FFF7FEFF 		bl	Cam_sel_PWM_WriteCompare
 123 009c 0BE0     		b	.L9
 124              	.L7:
  53:.\main.c      ****             }
  54:.\main.c      ****             else
  55:.\main.c      ****             {
  56:.\main.c      ****                 Cam_sel_PWM_WriteCompare(1500);
 125              		.loc 1 56 0
 126 009e 084B     		ldr	r3, .L11+8
 127 00a0 181C     		mov	r0, r3
 128 00a2 FFF7FEFF 		bl	Cam_sel_PWM_WriteCompare
 129 00a6 06E0     		b	.L9
 130              	.L2:
  57:.\main.c      ****             }
  58:.\main.c      ****             
  59:.\main.c      ****             
  60:.\main.c      ****         }
  61:.\main.c      ****         else
  62:.\main.c      ****         {
  63:.\main.c      ****             INPUT_SELECT_Write(3);
 131              		.loc 1 63 0
 132 00a8 0320     		mov	r0, #3
 133 00aa FFF7FEFF 		bl	INPUT_SELECT_Write
  64:.\main.c      ****             LED_Write(0);
 134              		.loc 1 64 0
 135 00ae 0020     		mov	r0, #0
 136 00b0 FFF7FEFF 		bl	LED_Write
 137              	.LBE2:
  65:.\main.c      ****         }
  66:.\main.c      ****             
  67:.\main.c      ****         
  68:.\main.c      **** 
  69:.\main.c      ****     }
 138              		.loc 1 69 0
 139 00b4 AFE7     		b	.L10
 140              	.L9:
 141 00b6 AEE7     		b	.L10
 142              	.L12:
 143              		.align	2
 144              	.L11:
 145 00b8 C4090000 		.word	2500
 146 00bc A4060000 		.word	1700
 147 00c0 DC050000 		.word	1500
 148              		.cfi_endproc
 149              	.LFE33:
 150              		.size	main, .-main
 151              		.text
 152              	.Letext0:
 153              		.file 2 ".\\Generated_Source\\PSoC4/cytypes.h"
 154              		.section	.debug_info,"",%progbits
 155              	.Ldebug_info0:
 156 0000 CB000000 		.4byte	0xcb
 157 0004 0400     		.2byte	0x4
ARM GAS  C:\Users\JOHNSO~1\AppData\Local\Temp\cc08TJmq.s 			page 5


 158 0006 00000000 		.4byte	.Ldebug_abbrev0
 159 000a 04       		.byte	0x4
 160 000b 01       		.uleb128 0x1
 161 000c 50000000 		.4byte	.LASF15
 162 0010 01       		.byte	0x1
 163 0011 64010000 		.4byte	.LASF16
 164 0015 29010000 		.4byte	.LASF17
 165 0019 00000000 		.4byte	.Ldebug_ranges0+0
 166 001d 00000000 		.4byte	0
 167 0021 00000000 		.4byte	.Ldebug_line0
 168 0025 02       		.uleb128 0x2
 169 0026 01       		.byte	0x1
 170 0027 06       		.byte	0x6
 171 0028 1D010000 		.4byte	.LASF0
 172 002c 02       		.uleb128 0x2
 173 002d 01       		.byte	0x1
 174 002e 08       		.byte	0x8
 175 002f CC000000 		.4byte	.LASF1
 176 0033 02       		.uleb128 0x2
 177 0034 02       		.byte	0x2
 178 0035 05       		.byte	0x5
 179 0036 E8000000 		.4byte	.LASF2
 180 003a 02       		.uleb128 0x2
 181 003b 02       		.byte	0x2
 182 003c 07       		.byte	0x7
 183 003d 0A010000 		.4byte	.LASF3
 184 0041 02       		.uleb128 0x2
 185 0042 04       		.byte	0x4
 186 0043 05       		.byte	0x5
 187 0044 DF000000 		.4byte	.LASF4
 188 0048 02       		.uleb128 0x2
 189 0049 04       		.byte	0x4
 190 004a 07       		.byte	0x7
 191 004b 20000000 		.4byte	.LASF5
 192 004f 02       		.uleb128 0x2
 193 0050 08       		.byte	0x8
 194 0051 05       		.byte	0x5
 195 0052 00000000 		.4byte	.LASF6
 196 0056 02       		.uleb128 0x2
 197 0057 08       		.byte	0x8
 198 0058 07       		.byte	0x7
 199 0059 32000000 		.4byte	.LASF7
 200 005d 03       		.uleb128 0x3
 201 005e 04       		.byte	0x4
 202 005f 05       		.byte	0x5
 203 0060 696E7400 		.ascii	"int\000"
 204 0064 02       		.uleb128 0x2
 205 0065 04       		.byte	0x4
 206 0066 07       		.byte	0x7
 207 0067 0E000000 		.4byte	.LASF8
 208 006b 04       		.uleb128 0x4
 209 006c 6D010000 		.4byte	.LASF18
 210 0070 02       		.byte	0x2
 211 0071 A2       		.byte	0xa2
 212 0072 3A000000 		.4byte	0x3a
 213 0076 02       		.uleb128 0x2
 214 0077 04       		.byte	0x4
ARM GAS  C:\Users\JOHNSO~1\AppData\Local\Temp\cc08TJmq.s 			page 6


 215 0078 04       		.byte	0x4
 216 0079 5E010000 		.4byte	.LASF9
 217 007d 02       		.uleb128 0x2
 218 007e 08       		.byte	0x8
 219 007f 04       		.byte	0x4
 220 0080 F2000000 		.4byte	.LASF10
 221 0084 02       		.uleb128 0x2
 222 0085 01       		.byte	0x1
 223 0086 08       		.byte	0x8
 224 0087 DA000000 		.4byte	.LASF11
 225 008b 02       		.uleb128 0x2
 226 008c 04       		.byte	0x4
 227 008d 07       		.byte	0x7
 228 008e 74010000 		.4byte	.LASF12
 229 0092 05       		.uleb128 0x5
 230 0093 1B000000 		.4byte	.LASF19
 231 0097 01       		.byte	0x1
 232 0098 0E       		.byte	0xe
 233 0099 5D000000 		.4byte	0x5d
 234 009d 00000000 		.4byte	.LFB33
 235 00a1 C4000000 		.4byte	.LFE33-.LFB33
 236 00a5 01       		.uleb128 0x1
 237 00a6 9C       		.byte	0x9c
 238 00a7 06       		.uleb128 0x6
 239 00a8 16000000 		.4byte	.LBB2
 240 00ac 9E000000 		.4byte	.LBE2-.LBB2
 241 00b0 07       		.uleb128 0x7
 242 00b1 49000000 		.4byte	.LASF13
 243 00b5 01       		.byte	0x1
 244 00b6 1A       		.byte	0x1a
 245 00b7 6B000000 		.4byte	0x6b
 246 00bb 02       		.uleb128 0x2
 247 00bc 91       		.byte	0x91
 248 00bd 76       		.sleb128 -10
 249 00be 07       		.uleb128 0x7
 250 00bf F9000000 		.4byte	.LASF14
 251 00c3 01       		.byte	0x1
 252 00c4 1B       		.byte	0x1b
 253 00c5 6B000000 		.4byte	0x6b
 254 00c9 02       		.uleb128 0x2
 255 00ca 91       		.byte	0x91
 256 00cb 74       		.sleb128 -12
 257 00cc 00       		.byte	0
 258 00cd 00       		.byte	0
 259 00ce 00       		.byte	0
 260              		.section	.debug_abbrev,"",%progbits
 261              	.Ldebug_abbrev0:
 262 0000 01       		.uleb128 0x1
 263 0001 11       		.uleb128 0x11
 264 0002 01       		.byte	0x1
 265 0003 25       		.uleb128 0x25
 266 0004 0E       		.uleb128 0xe
 267 0005 13       		.uleb128 0x13
 268 0006 0B       		.uleb128 0xb
 269 0007 03       		.uleb128 0x3
 270 0008 0E       		.uleb128 0xe
 271 0009 1B       		.uleb128 0x1b
ARM GAS  C:\Users\JOHNSO~1\AppData\Local\Temp\cc08TJmq.s 			page 7


 272 000a 0E       		.uleb128 0xe
 273 000b 55       		.uleb128 0x55
 274 000c 17       		.uleb128 0x17
 275 000d 11       		.uleb128 0x11
 276 000e 01       		.uleb128 0x1
 277 000f 10       		.uleb128 0x10
 278 0010 17       		.uleb128 0x17
 279 0011 00       		.byte	0
 280 0012 00       		.byte	0
 281 0013 02       		.uleb128 0x2
 282 0014 24       		.uleb128 0x24
 283 0015 00       		.byte	0
 284 0016 0B       		.uleb128 0xb
 285 0017 0B       		.uleb128 0xb
 286 0018 3E       		.uleb128 0x3e
 287 0019 0B       		.uleb128 0xb
 288 001a 03       		.uleb128 0x3
 289 001b 0E       		.uleb128 0xe
 290 001c 00       		.byte	0
 291 001d 00       		.byte	0
 292 001e 03       		.uleb128 0x3
 293 001f 24       		.uleb128 0x24
 294 0020 00       		.byte	0
 295 0021 0B       		.uleb128 0xb
 296 0022 0B       		.uleb128 0xb
 297 0023 3E       		.uleb128 0x3e
 298 0024 0B       		.uleb128 0xb
 299 0025 03       		.uleb128 0x3
 300 0026 08       		.uleb128 0x8
 301 0027 00       		.byte	0
 302 0028 00       		.byte	0
 303 0029 04       		.uleb128 0x4
 304 002a 16       		.uleb128 0x16
 305 002b 00       		.byte	0
 306 002c 03       		.uleb128 0x3
 307 002d 0E       		.uleb128 0xe
 308 002e 3A       		.uleb128 0x3a
 309 002f 0B       		.uleb128 0xb
 310 0030 3B       		.uleb128 0x3b
 311 0031 0B       		.uleb128 0xb
 312 0032 49       		.uleb128 0x49
 313 0033 13       		.uleb128 0x13
 314 0034 00       		.byte	0
 315 0035 00       		.byte	0
 316 0036 05       		.uleb128 0x5
 317 0037 2E       		.uleb128 0x2e
 318 0038 01       		.byte	0x1
 319 0039 3F       		.uleb128 0x3f
 320 003a 19       		.uleb128 0x19
 321 003b 03       		.uleb128 0x3
 322 003c 0E       		.uleb128 0xe
 323 003d 3A       		.uleb128 0x3a
 324 003e 0B       		.uleb128 0xb
 325 003f 3B       		.uleb128 0x3b
 326 0040 0B       		.uleb128 0xb
 327 0041 49       		.uleb128 0x49
 328 0042 13       		.uleb128 0x13
ARM GAS  C:\Users\JOHNSO~1\AppData\Local\Temp\cc08TJmq.s 			page 8


 329 0043 11       		.uleb128 0x11
 330 0044 01       		.uleb128 0x1
 331 0045 12       		.uleb128 0x12
 332 0046 06       		.uleb128 0x6
 333 0047 40       		.uleb128 0x40
 334 0048 18       		.uleb128 0x18
 335 0049 9642     		.uleb128 0x2116
 336 004b 19       		.uleb128 0x19
 337 004c 00       		.byte	0
 338 004d 00       		.byte	0
 339 004e 06       		.uleb128 0x6
 340 004f 0B       		.uleb128 0xb
 341 0050 01       		.byte	0x1
 342 0051 11       		.uleb128 0x11
 343 0052 01       		.uleb128 0x1
 344 0053 12       		.uleb128 0x12
 345 0054 06       		.uleb128 0x6
 346 0055 00       		.byte	0
 347 0056 00       		.byte	0
 348 0057 07       		.uleb128 0x7
 349 0058 34       		.uleb128 0x34
 350 0059 00       		.byte	0
 351 005a 03       		.uleb128 0x3
 352 005b 0E       		.uleb128 0xe
 353 005c 3A       		.uleb128 0x3a
 354 005d 0B       		.uleb128 0xb
 355 005e 3B       		.uleb128 0x3b
 356 005f 0B       		.uleb128 0xb
 357 0060 49       		.uleb128 0x49
 358 0061 13       		.uleb128 0x13
 359 0062 02       		.uleb128 0x2
 360 0063 18       		.uleb128 0x18
 361 0064 00       		.byte	0
 362 0065 00       		.byte	0
 363 0066 00       		.byte	0
 364              		.section	.debug_aranges,"",%progbits
 365 0000 1C000000 		.4byte	0x1c
 366 0004 0200     		.2byte	0x2
 367 0006 00000000 		.4byte	.Ldebug_info0
 368 000a 04       		.byte	0x4
 369 000b 00       		.byte	0
 370 000c 0000     		.2byte	0
 371 000e 0000     		.2byte	0
 372 0010 00000000 		.4byte	.LFB33
 373 0014 C4000000 		.4byte	.LFE33-.LFB33
 374 0018 00000000 		.4byte	0
 375 001c 00000000 		.4byte	0
 376              		.section	.debug_ranges,"",%progbits
 377              	.Ldebug_ranges0:
 378 0000 00000000 		.4byte	.LFB33
 379 0004 C4000000 		.4byte	.LFE33
 380 0008 00000000 		.4byte	0
 381 000c 00000000 		.4byte	0
 382              		.section	.debug_line,"",%progbits
 383              	.Ldebug_line0:
 384 0000 83000000 		.section	.debug_str,"MS",%progbits,1
 384      02004500 
ARM GAS  C:\Users\JOHNSO~1\AppData\Local\Temp\cc08TJmq.s 			page 9


 384      00000201 
 384      FB0E0D00 
 384      01010101 
 385              	.LASF6:
 386 0000 6C6F6E67 		.ascii	"long long int\000"
 386      206C6F6E 
 386      6720696E 
 386      7400
 387              	.LASF8:
 388 000e 756E7369 		.ascii	"unsigned int\000"
 388      676E6564 
 388      20696E74 
 388      00
 389              	.LASF19:
 390 001b 6D61696E 		.ascii	"main\000"
 390      00
 391              	.LASF5:
 392 0020 6C6F6E67 		.ascii	"long unsigned int\000"
 392      20756E73 
 392      69676E65 
 392      6420696E 
 392      7400
 393              	.LASF7:
 394 0032 6C6F6E67 		.ascii	"long long unsigned int\000"
 394      206C6F6E 
 394      6720756E 
 394      7369676E 
 394      65642069 
 395              	.LASF13:
 396 0049 74696D65 		.ascii	"timer1\000"
 396      723100
 397              	.LASF15:
 398 0050 474E5520 		.ascii	"GNU C 4.8.4 20140526 (release) [ARM/embedded-4_8-br"
 398      4320342E 
 398      382E3420 
 398      32303134 
 398      30353236 
 399 0083 616E6368 		.ascii	"anch revision 211358] -mcpu=cortex-m0 -mthumb -g -O"
 399      20726576 
 399      6973696F 
 399      6E203231 
 399      31333538 
 400 00b6 30202D66 		.ascii	"0 -ffunction-sections\000"
 400      66756E63 
 400      74696F6E 
 400      2D736563 
 400      74696F6E 
 401              	.LASF1:
 402 00cc 756E7369 		.ascii	"unsigned char\000"
 402      676E6564 
 402      20636861 
 402      7200
 403              	.LASF11:
 404 00da 63686172 		.ascii	"char\000"
 404      00
 405              	.LASF4:
 406 00df 6C6F6E67 		.ascii	"long int\000"
ARM GAS  C:\Users\JOHNSO~1\AppData\Local\Temp\cc08TJmq.s 			page 10


 406      20696E74 
 406      00
 407              	.LASF2:
 408 00e8 73686F72 		.ascii	"short int\000"
 408      7420696E 
 408      7400
 409              	.LASF10:
 410 00f2 646F7562 		.ascii	"double\000"
 410      6C6500
 411              	.LASF14:
 412 00f9 63616D5F 		.ascii	"cam_select_value\000"
 412      73656C65 
 412      63745F76 
 412      616C7565 
 412      00
 413              	.LASF3:
 414 010a 73686F72 		.ascii	"short unsigned int\000"
 414      7420756E 
 414      7369676E 
 414      65642069 
 414      6E7400
 415              	.LASF0:
 416 011d 7369676E 		.ascii	"signed char\000"
 416      65642063 
 416      68617200 
 417              	.LASF17:
 418 0129 5A3A5C4F 		.ascii	"Z:\\OneDrive\\Tech\\GitHub\\Backup\\PWM_MUX\\PWM_MU"
 418      6E654472 
 418      6976655C 
 418      54656368 
 418      5C476974 
 419 0156 582E6379 		.ascii	"X.cydsn\000"
 419      64736E00 
 420              	.LASF9:
 421 015e 666C6F61 		.ascii	"float\000"
 421      7400
 422              	.LASF16:
 423 0164 2E5C6D61 		.ascii	".\\main.c\000"
 423      696E2E63 
 423      00
 424              	.LASF18:
 425 016d 75696E74 		.ascii	"uint16\000"
 425      313600
 426              	.LASF12:
 427 0174 73697A65 		.ascii	"sizetype\000"
 427      74797065 
 427      00
 428              		.ident	"GCC: (GNU Tools for ARM Embedded Processors) 4.8.4 20140526 (release) [ARM/embedded-4_8-br
