--------------- Build Started: 05/20/2015 12:15:37 Project: PWM_MUX, Configuration: ARM GCC 4.8.4 Debug ---------------
cydsfit.exe -.appdatapath "C:\Users\johnsonjacob\AppData\Local\Cypress Semiconductor\PSoC Creator\3.1" -.fdsnotice -.fdswarpdepfile=warp_dependencies.txt -.fdselabdepfile=elab_dependencies.txt -.fdsbldfile=generated_files.txt -p Z:\OneDrive\Tech\GitHub\Backup\PWM_MUX\PWM_MUX.cydsn\PWM_MUX.cyprj -d CY8C4245AXI-483 -s Z:\OneDrive\Tech\GitHub\Backup\PWM_MUX\PWM_MUX.cydsn\Generated_Source\PSoC4 -- -yv2 -q10 -ygs -o2 -v3 -.fftcfgtype=LE
Elaborating Design...
HDL Generation ...
Synthesis ...
Place and Route ...
Tech mapping ...
Analog Placement ...
Analog Routing ...
Analog Code Generation ...
Digital Placement ...
Digital Routing ...
Bitstream Generation ...
Static timing analysis ...
API Generation ...
Dependency Generation ...
Clean Temporary Files ...
arm-none-eabi-gcc.exe -mcpu=cortex-m0 -mthumb -Wno-main -I. -I.\Generated_Source\PSoC4 -Wa,-alh=.\CortexM0\ARM_GCC_484\Debug/main.lst -g -D DEBUG -Wall -ffunction-sections -O0 -c .\main.c -o .\CortexM0\ARM_GCC_484\Debug\main.o
arm-none-eabi-gcc.exe -mcpu=cortex-m0 -mthumb -Wno-main -I. -I.\Generated_Source\PSoC4 -Wa,-alh=.\CortexM0\ARM_GCC_484\Debug/cyfitter_cfg.lst -g -D DEBUG -Wall -ffunction-sections -O0 -c .\Generated_Source\PSoC4\cyfitter_cfg.c -o .\CortexM0\ARM_GCC_484\Debug\cyfitter_cfg.o
arm-none-eabi-gcc.exe -mcpu=cortex-m0 -mthumb -Wno-main -I. -I.\Generated_Source\PSoC4 -Wa,-alh=.\CortexM0\ARM_GCC_484\Debug/cymetadata.lst -g -D DEBUG -Wall -ffunction-sections -O0 -c .\Generated_Source\PSoC4\cymetadata.c -o .\CortexM0\ARM_GCC_484\Debug\cymetadata.o
arm-none-eabi-gcc.exe -mcpu=cortex-m0 -mthumb -Wno-main -I. -I.\Generated_Source\PSoC4 -Wa,-alh=.\CortexM0\ARM_GCC_484\Debug/Clock_4.lst -g -D DEBUG -Wall -ffunction-sections -O0 -c .\Generated_Source\PSoC4\Clock_4.c -o .\CortexM0\ARM_GCC_484\Debug\Clock_4.o
arm-none-eabi-gcc.exe -mcpu=cortex-m0 -mthumb -Wno-main -I. -I.\Generated_Source\PSoC4 -Wa,-alh=.\CortexM0\ARM_GCC_484\Debug/ISR.lst -g -D DEBUG -Wall -ffunction-sections -O0 -c .\Generated_Source\PSoC4\ISR.c -o .\CortexM0\ARM_GCC_484\Debug\ISR.o
arm-none-eabi-gcc.exe -mcpu=cortex-m0 -mthumb -Wno-main -I. -I.\Generated_Source\PSoC4 -Wa,-alh=.\CortexM0\ARM_GCC_484\Debug/INPUT_SELECT.lst -g -D DEBUG -Wall -ffunction-sections -O0 -c .\Generated_Source\PSoC4\INPUT_SELECT.c -o .\CortexM0\ARM_GCC_484\Debug\INPUT_SELECT.o
arm-none-eabi-gcc.exe -mcpu=cortex-m0 -mthumb -Wno-main -I. -I.\Generated_Source\PSoC4 -Wa,-alh=.\CortexM0\ARM_GCC_484\Debug/CONTROL.lst -g -D DEBUG -Wall -ffunction-sections -O0 -c .\Generated_Source\PSoC4\CONTROL.c -o .\CortexM0\ARM_GCC_484\Debug\CONTROL.o
arm-none-eabi-gcc.exe -mcpu=cortex-m0 -mthumb -Wno-main -I. -I.\Generated_Source\PSoC4 -Wa,-alh=.\CortexM0\ARM_GCC_484\Debug/Cm0Start.lst -g -D DEBUG -Wall -ffunction-sections -O0 -c .\Generated_Source\PSoC4\Cm0Start.c -o .\CortexM0\ARM_GCC_484\Debug\Cm0Start.o
arm-none-eabi-as.exe -mcpu=cortex-m0 -mthumb -I. -I.\Generated_Source\PSoC4 -alh=.\CortexM0\ARM_GCC_484\Debug/CyBootAsmGnu.lst -g -W -o .\CortexM0\ARM_GCC_484\Debug\CyBootAsmGnu.o .\Generated_Source\PSoC4\CyBootAsmGnu.s
arm-none-eabi-gcc.exe -mcpu=cortex-m0 -mthumb -Wno-main -I. -I.\Generated_Source\PSoC4 -Wa,-alh=.\CortexM0\ARM_GCC_484\Debug/CyFlash.lst -g -D DEBUG -Wall -ffunction-sections -O0 -c .\Generated_Source\PSoC4\CyFlash.c -o .\CortexM0\ARM_GCC_484\Debug\CyFlash.o
arm-none-eabi-gcc.exe -mcpu=cortex-m0 -mthumb -Wno-main -I. -I.\Generated_Source\PSoC4 -Wa,-alh=.\CortexM0\ARM_GCC_484\Debug/CyLib.lst -g -D DEBUG -Wall -ffunction-sections -O0 -c .\Generated_Source\PSoC4\CyLib.c -o .\CortexM0\ARM_GCC_484\Debug\CyLib.o
arm-none-eabi-gcc.exe -mcpu=cortex-m0 -mthumb -Wno-main -I. -I.\Generated_Source\PSoC4 -Wa,-alh=.\CortexM0\ARM_GCC_484\Debug/cyPm.lst -g -D DEBUG -Wall -ffunction-sections -O0 -c .\Generated_Source\PSoC4\cyPm.c -o .\CortexM0\ARM_GCC_484\Debug\cyPm.o
arm-none-eabi-gcc.exe -mcpu=cortex-m0 -mthumb -Wno-main -I. -I.\Generated_Source\PSoC4 -Wa,-alh=.\CortexM0\ARM_GCC_484\Debug/cyutils.lst -g -D DEBUG -Wall -ffunction-sections -O0 -c .\Generated_Source\PSoC4\cyutils.c -o .\CortexM0\ARM_GCC_484\Debug\cyutils.o
arm-none-eabi-gcc.exe -mcpu=cortex-m0 -mthumb -Wno-main -I. -I.\Generated_Source\PSoC4 -Wa,-alh=.\CortexM0\ARM_GCC_484\Debug/LED.lst -g -D DEBUG -Wall -ffunction-sections -O0 -c .\Generated_Source\PSoC4\LED.c -o .\CortexM0\ARM_GCC_484\Debug\LED.o
arm-none-eabi-gcc.exe -mcpu=cortex-m0 -mthumb -Wno-main -I. -I.\Generated_Source\PSoC4 -Wa,-alh=.\CortexM0\ARM_GCC_484\Debug/Clock_1.lst -g -D DEBUG -Wall -ffunction-sections -O0 -c .\Generated_Source\PSoC4\Clock_1.c -o .\CortexM0\ARM_GCC_484\Debug\Clock_1.o
arm-none-eabi-gcc.exe -mcpu=cortex-m0 -mthumb -Wno-main -I. -I.\Generated_Source\PSoC4 -Wa,-alh=.\CortexM0\ARM_GCC_484\Debug/ISR_1.lst -g -D DEBUG -Wall -ffunction-sections -O0 -c .\Generated_Source\PSoC4\ISR_1.c -o .\CortexM0\ARM_GCC_484\Debug\ISR_1.o
arm-none-eabi-gcc.exe -mcpu=cortex-m0 -mthumb -Wno-main -I. -I.\Generated_Source\PSoC4 -Wa,-alh=.\CortexM0\ARM_GCC_484\Debug/Clock_2.lst -g -D DEBUG -Wall -ffunction-sections -O0 -c .\Generated_Source\PSoC4\Clock_2.c -o .\CortexM0\ARM_GCC_484\Debug\Clock_2.o
arm-none-eabi-gcc.exe -mcpu=cortex-m0 -mthumb -Wno-main -I. -I.\Generated_Source\PSoC4 -Wa,-alh=.\CortexM0\ARM_GCC_484\Debug/ISR_2.lst -g -D DEBUG -Wall -ffunction-sections -O0 -c .\Generated_Source\PSoC4\ISR_2.c -o .\CortexM0\ARM_GCC_484\Debug\ISR_2.o
arm-none-eabi-gcc.exe -mcpu=cortex-m0 -mthumb -Wno-main -I. -I.\Generated_Source\PSoC4 -Wa,-alh=.\CortexM0\ARM_GCC_484\Debug/Mux_timer.lst -g -D DEBUG -Wall -ffunction-sections -O0 -c .\Generated_Source\PSoC4\Mux_timer.c -o .\CortexM0\ARM_GCC_484\Debug\Mux_timer.o
arm-none-eabi-gcc.exe -mcpu=cortex-m0 -mthumb -Wno-main -I. -I.\Generated_Source\PSoC4 -Wa,-alh=.\CortexM0\ARM_GCC_484\Debug/Mux_timer_PM.lst -g -D DEBUG -Wall -ffunction-sections -O0 -c .\Generated_Source\PSoC4\Mux_timer_PM.c -o .\CortexM0\ARM_GCC_484\Debug\Mux_timer_PM.o
arm-none-eabi-gcc.exe -mcpu=cortex-m0 -mthumb -Wno-main -I. -I.\Generated_Source\PSoC4 -Wa,-alh=.\CortexM0\ARM_GCC_484\Debug/Default_PWM.lst -g -D DEBUG -Wall -ffunction-sections -O0 -c .\Generated_Source\PSoC4\Default_PWM.c -o .\CortexM0\ARM_GCC_484\Debug\Default_PWM.o
arm-none-eabi-gcc.exe -mcpu=cortex-m0 -mthumb -Wno-main -I. -I.\Generated_Source\PSoC4 -Wa,-alh=.\CortexM0\ARM_GCC_484\Debug/Default_PWM_PM.lst -g -D DEBUG -Wall -ffunction-sections -O0 -c .\Generated_Source\PSoC4\Default_PWM_PM.c -o .\CortexM0\ARM_GCC_484\Debug\Default_PWM_PM.o
arm-none-eabi-gcc.exe -mcpu=cortex-m0 -mthumb -Wno-main -I. -I.\Generated_Source\PSoC4 -Wa,-alh=.\CortexM0\ARM_GCC_484\Debug/ISR_3.lst -g -D DEBUG -Wall -ffunction-sections -O0 -c .\Generated_Source\PSoC4\ISR_3.c -o .\CortexM0\ARM_GCC_484\Debug\ISR_3.o
arm-none-eabi-gcc.exe -mcpu=cortex-m0 -mthumb -Wno-main -I. -I.\Generated_Source\PSoC4 -Wa,-alh=.\CortexM0\ARM_GCC_484\Debug/Clock_3.lst -g -D DEBUG -Wall -ffunction-sections -O0 -c .\Generated_Source\PSoC4\Clock_3.c -o .\CortexM0\ARM_GCC_484\Debug\Clock_3.o
arm-none-eabi-gcc.exe -mcpu=cortex-m0 -mthumb -Wno-main -I. -I.\Generated_Source\PSoC4 -Wa,-alh=.\CortexM0\ARM_GCC_484\Debug/Cam_sel_PWM.lst -g -D DEBUG -Wall -ffunction-sections -O0 -c .\Generated_Source\PSoC4\Cam_sel_PWM.c -o .\CortexM0\ARM_GCC_484\Debug\Cam_sel_PWM.o
arm-none-eabi-gcc.exe -mcpu=cortex-m0 -mthumb -Wno-main -I. -I.\Generated_Source\PSoC4 -Wa,-alh=.\CortexM0\ARM_GCC_484\Debug/Cam_sel_PWM_PM.lst -g -D DEBUG -Wall -ffunction-sections -O0 -c .\Generated_Source\PSoC4\Cam_sel_PWM_PM.c -o .\CortexM0\ARM_GCC_484\Debug\Cam_sel_PWM_PM.o
arm-none-eabi-gcc.exe -mcpu=cortex-m0 -mthumb -Wno-main -I. -I.\Generated_Source\PSoC4 -Wa,-alh=.\CortexM0\ARM_GCC_484\Debug/Cam_Sel_timer.lst -g -D DEBUG -Wall -ffunction-sections -O0 -c .\Generated_Source\PSoC4\Cam_Sel_timer.c -o .\CortexM0\ARM_GCC_484\Debug\Cam_Sel_timer.o
arm-none-eabi-gcc.exe -mcpu=cortex-m0 -mthumb -Wno-main -I. -I.\Generated_Source\PSoC4 -Wa,-alh=.\CortexM0\ARM_GCC_484\Debug/Cam_Sel_timer_PM.lst -g -D DEBUG -Wall -ffunction-sections -O0 -c .\Generated_Source\PSoC4\Cam_Sel_timer_PM.c -o .\CortexM0\ARM_GCC_484\Debug\Cam_Sel_timer_PM.o
arm-none-eabi-gcc.exe -mcpu=cortex-m0 -mthumb -Wno-main -I. -I.\Generated_Source\PSoC4 -Wa,-alh=.\CortexM0\ARM_GCC_484\Debug/Arm_select.lst -g -D DEBUG -Wall -ffunction-sections -O0 -c .\Generated_Source\PSoC4\Arm_select.c -o .\CortexM0\ARM_GCC_484\Debug\Arm_select.o
arm-none-eabi-gcc.exe -mcpu=cortex-m0 -mthumb -Wno-main -I. -I.\Generated_Source\PSoC4 -Wa,-alh=.\CortexM0\ARM_GCC_484\Debug/M_in_1.lst -g -D DEBUG -Wall -ffunction-sections -O0 -c .\Generated_Source\PSoC4\M_in_1.c -o .\CortexM0\ARM_GCC_484\Debug\M_in_1.o
arm-none-eabi-gcc.exe -mcpu=cortex-m0 -mthumb -Wno-main -I. -I.\Generated_Source\PSoC4 -Wa,-alh=.\CortexM0\ARM_GCC_484\Debug/B_in_1.lst -g -D DEBUG -Wall -ffunction-sections -O0 -c .\Generated_Source\PSoC4\B_in_1.c -o .\CortexM0\ARM_GCC_484\Debug\B_in_1.o
arm-none-eabi-gcc.exe -mcpu=cortex-m0 -mthumb -Wno-main -I. -I.\Generated_Source\PSoC4 -Wa,-alh=.\CortexM0\ARM_GCC_484\Debug/M_in_2.lst -g -D DEBUG -Wall -ffunction-sections -O0 -c .\Generated_Source\PSoC4\M_in_2.c -o .\CortexM0\ARM_GCC_484\Debug\M_in_2.o
arm-none-eabi-gcc.exe -mcpu=cortex-m0 -mthumb -Wno-main -I. -I.\Generated_Source\PSoC4 -Wa,-alh=.\CortexM0\ARM_GCC_484\Debug/B_in_2.lst -g -D DEBUG -Wall -ffunction-sections -O0 -c .\Generated_Source\PSoC4\B_in_2.c -o .\CortexM0\ARM_GCC_484\Debug\B_in_2.o
arm-none-eabi-gcc.exe -mcpu=cortex-m0 -mthumb -Wno-main -I. -I.\Generated_Source\PSoC4 -Wa,-alh=.\CortexM0\ARM_GCC_484\Debug/M_in_4.lst -g -D DEBUG -Wall -ffunction-sections -O0 -c .\Generated_Source\PSoC4\M_in_4.c -o .\CortexM0\ARM_GCC_484\Debug\M_in_4.o
arm-none-eabi-gcc.exe -mcpu=cortex-m0 -mthumb -Wno-main -I. -I.\Generated_Source\PSoC4 -Wa,-alh=.\CortexM0\ARM_GCC_484\Debug/B_in_4.lst -g -D DEBUG -Wall -ffunction-sections -O0 -c .\Generated_Source\PSoC4\B_in_4.c -o .\CortexM0\ARM_GCC_484\Debug\B_in_4.o
arm-none-eabi-gcc.exe -mcpu=cortex-m0 -mthumb -Wno-main -I. -I.\Generated_Source\PSoC4 -Wa,-alh=.\CortexM0\ARM_GCC_484\Debug/M_in_3.lst -g -D DEBUG -Wall -ffunction-sections -O0 -c .\Generated_Source\PSoC4\M_in_3.c -o .\CortexM0\ARM_GCC_484\Debug\M_in_3.o
arm-none-eabi-gcc.exe -mcpu=cortex-m0 -mthumb -Wno-main -I. -I.\Generated_Source\PSoC4 -Wa,-alh=.\CortexM0\ARM_GCC_484\Debug/B_in_3.lst -g -D DEBUG -Wall -ffunction-sections -O0 -c .\Generated_Source\PSoC4\B_in_3.c -o .\CortexM0\ARM_GCC_484\Debug\B_in_3.o
arm-none-eabi-gcc.exe -mcpu=cortex-m0 -mthumb -Wno-main -I. -I.\Generated_Source\PSoC4 -Wa,-alh=.\CortexM0\ARM_GCC_484\Debug/Out_1.lst -g -D DEBUG -Wall -ffunction-sections -O0 -c .\Generated_Source\PSoC4\Out_1.c -o .\CortexM0\ARM_GCC_484\Debug\Out_1.o
arm-none-eabi-gcc.exe -mcpu=cortex-m0 -mthumb -Wno-main -I. -I.\Generated_Source\PSoC4 -Wa,-alh=.\CortexM0\ARM_GCC_484\Debug/Out_2.lst -g -D DEBUG -Wall -ffunction-sections -O0 -c .\Generated_Source\PSoC4\Out_2.c -o .\CortexM0\ARM_GCC_484\Debug\Out_2.o
arm-none-eabi-gcc.exe -mcpu=cortex-m0 -mthumb -Wno-main -I. -I.\Generated_Source\PSoC4 -Wa,-alh=.\CortexM0\ARM_GCC_484\Debug/Out_4.lst -g -D DEBUG -Wall -ffunction-sections -O0 -c .\Generated_Source\PSoC4\Out_4.c -o .\CortexM0\ARM_GCC_484\Debug\Out_4.o
arm-none-eabi-gcc.exe -mcpu=cortex-m0 -mthumb -Wno-main -I. -I.\Generated_Source\PSoC4 -Wa,-alh=.\CortexM0\ARM_GCC_484\Debug/Out_3.lst -g -D DEBUG -Wall -ffunction-sections -O0 -c .\Generated_Source\PSoC4\Out_3.c -o .\CortexM0\ARM_GCC_484\Debug\Out_3.o
arm-none-eabi-gcc.exe -mcpu=cortex-m0 -mthumb -Wno-main -I. -I.\Generated_Source\PSoC4 -Wa,-alh=.\CortexM0\ARM_GCC_484\Debug/Out_5.lst -g -D DEBUG -Wall -ffunction-sections -O0 -c .\Generated_Source\PSoC4\Out_5.c -o .\CortexM0\ARM_GCC_484\Debug\Out_5.o
arm-none-eabi-gcc.exe -mcpu=cortex-m0 -mthumb -Wno-main -I. -I.\Generated_Source\PSoC4 -Wa,-alh=.\CortexM0\ARM_GCC_484\Debug/B_in_5.lst -g -D DEBUG -Wall -ffunction-sections -O0 -c .\Generated_Source\PSoC4\B_in_5.c -o .\CortexM0\ARM_GCC_484\Debug\B_in_5.o
arm-none-eabi-gcc.exe -mcpu=cortex-m0 -mthumb -Wno-main -I. -I.\Generated_Source\PSoC4 -Wa,-alh=.\CortexM0\ARM_GCC_484\Debug/M_in_5.lst -g -D DEBUG -Wall -ffunction-sections -O0 -c .\Generated_Source\PSoC4\M_in_5.c -o .\CortexM0\ARM_GCC_484\Debug\M_in_5.o
arm-none-eabi-ar.exe -rs .\CortexM0\ARM_GCC_484\Debug\PWM_MUX.a .\CortexM0\ARM_GCC_484\Debug\cyfitter_cfg.o .\CortexM0\ARM_GCC_484\Debug\Clock_4.o .\CortexM0\ARM_GCC_484\Debug\ISR.o .\CortexM0\ARM_GCC_484\Debug\INPUT_SELECT.o .\CortexM0\ARM_GCC_484\Debug\CONTROL.o .\CortexM0\ARM_GCC_484\Debug\CyBootAsmGnu.o .\CortexM0\ARM_GCC_484\Debug\CyFlash.o .\CortexM0\ARM_GCC_484\Debug\CyLib.o .\CortexM0\ARM_GCC_484\Debug\cyPm.o .\CortexM0\ARM_GCC_484\Debug\cyutils.o .\CortexM0\ARM_GCC_484\Debug\LED.o .\CortexM0\ARM_GCC_484\Debug\Clock_1.o .\CortexM0\ARM_GCC_484\Debug\ISR_1.o .\CortexM0\ARM_GCC_484\Debug\Clock_2.o .\CortexM0\ARM_GCC_484\Debug\ISR_2.o .\CortexM0\ARM_GCC_484\Debug\Mux_timer.o .\CortexM0\ARM_GCC_484\Debug\Mux_timer_PM.o .\CortexM0\ARM_GCC_484\Debug\Default_PWM.o .\CortexM0\ARM_GCC_484\Debug\Default_PWM_PM.o .\CortexM0\ARM_GCC_484\Debug\ISR_3.o .\CortexM0\ARM_GCC_484\Debug\Clock_3.o .\CortexM0\ARM_GCC_484\Debug\Cam_sel_PWM.o .\CortexM0\ARM_GCC_484\Debug\Cam_sel_PWM_PM.o .\CortexM0\ARM_GCC_484\Debug\Cam_Sel_timer.o .\CortexM0\ARM_GCC_484\Debug\Cam_Sel_timer_PM.o .\CortexM0\ARM_GCC_484\Debug\Arm_select.o .\CortexM0\ARM_GCC_484\Debug\M_in_1.o .\CortexM0\ARM_GCC_484\Debug\B_in_1.o .\CortexM0\ARM_GCC_484\Debug\M_in_2.o .\CortexM0\ARM_GCC_484\Debug\B_in_2.o .\CortexM0\ARM_GCC_484\Debug\M_in_4.o .\CortexM0\ARM_GCC_484\Debug\B_in_4.o .\CortexM0\ARM_GCC_484\Debug\M_in_3.o .\CortexM0\ARM_GCC_484\Debug\B_in_3.o .\CortexM0\ARM_GCC_484\Debug\Out_1.o .\CortexM0\ARM_GCC_484\Debug\Out_2.o .\CortexM0\ARM_GCC_484\Debug\Out_4.o .\CortexM0\ARM_GCC_484\Debug\Out_3.o .\CortexM0\ARM_GCC_484\Debug\Out_5.o .\CortexM0\ARM_GCC_484\Debug\B_in_5.o .\CortexM0\ARM_GCC_484\Debug\M_in_5.o
arm-none-eabi-ar.exe: creating .\CortexM0\ARM_GCC_484\Debug\PWM_MUX.a
arm-none-eabi-gcc.exe -Wl,--start-group -o .\CortexM0\ARM_GCC_484\Debug\PWM_MUX.elf .\CortexM0\ARM_GCC_484\Debug\main.o .\CortexM0\ARM_GCC_484\Debug\cymetadata.o .\CortexM0\ARM_GCC_484\Debug\Cm0Start.o .\CortexM0\ARM_GCC_484\Debug\PWM_MUX.a "C:\Program Files (x86)\Cypress\PSoC Creator\3.1\PSoC Creator\psoc\content\cycomponentlibrary\CyComponentLibrary.cylib\CortexM0\ARM_GCC_484\Debug\CyComponentLibrary.a" -mthumb -march=armv6-m -Wl,-Map,.\CortexM0\ARM_GCC_484\Debug/PWM_MUX.map -T .\Generated_Source\PSoC4\cm0gcc.ld -g -specs=nano.specs "-u _printf_float" "" -Wl,--gc-sections -Wl,--end-group
cyelftool.exe -C Z:\OneDrive\Tech\GitHub\Backup\PWM_MUX\PWM_MUX.cydsn\CortexM0\ARM_GCC_484\Debug\PWM_MUX.elf --flash_size 32768 --flash_row_size 128
cyelftool.exe -S Z:\OneDrive\Tech\GitHub\Backup\PWM_MUX\PWM_MUX.cydsn\CortexM0\ARM_GCC_484\Debug\PWM_MUX.elf
Flash used: 3528 of 32768 bytes (10.8 %).
SRAM used: 1404 of 4096 bytes (34.3 %). Stack: 1024 bytes. Heap: 128 bytes.
--------------- Build Succeeded: 05/20/2015 12:16:15 ---------------
