Loading plugins phase: Elapsed time ==> 0s.277ms
Initializing data phase: Elapsed time ==> 0s.000ms
<CYPRESSTAG name="CyDsfit arguments...">
cydsfit arguments: -.fdsnotice -.fdswarpdepfile=warp_dependencies.txt -.fdselabdepfile=elab_dependencies.txt -.fdsbldfile=generated_files.txt -p Z:\OneDrive\Tech\GitHub\Power-System\PWM_MUX\PWM_MUX.cydsn\PWM_MUX.cyprj -d CY8C4245AXI-483 -s Z:\OneDrive\Tech\GitHub\Power-System\PWM_MUX\PWM_MUX.cydsn\Generated_Source\PSoC4 -- -yv2 -q10 -ygs -o2 -v3 -.fftcfgtype=LE</CYPRESSTAG>
<CYPRESSTAG name="Design elaboration results...">
</CYPRESSTAG>
Elaboration phase: Elapsed time ==> 2s.702ms
<CYPRESSTAG name="HDL generation results...">
</CYPRESSTAG>
HDL generation phase: Elapsed time ==> 0s.135ms
<CYPRESSTAG name="Synthesis results...">

     | | | | | | |
   _________________
  -|               |-
  -|               |-
  -|               |-
  -|    CYPRESS    |-
  -|               |-
  -|               |-   Warp Verilog Synthesis Compiler: Version 6.3 IR 41
  -|               |-   Copyright (C) 1991-2001 Cypress Semiconductor
   |_______________|
     | | | | | | |

======================================================================
Compiling:  PWM_MUX.v
Program  :   C:\Program Files (x86)\Cypress\PSoC Creator\3.1\PSoC Creator\warp\bin/warp.exe
Options  :    -yv2 -q10 -ygs -o2 -v3 -.fftcfgtype=LE -ya -.fftprj=Z:\OneDrive\Tech\GitHub\Power-System\PWM_MUX\PWM_MUX.cydsn\PWM_MUX.cyprj -dcpsoc3 PWM_MUX.v -verilog
======================================================================

======================================================================
Compiling:  PWM_MUX.v
Program  :   C:\Program Files (x86)\Cypress\PSoC Creator\3.1\PSoC Creator\warp\bin/warp.exe
Options  :    -yv2 -q10 -ygs -o2 -v3 -.fftcfgtype=LE -ya -.fftprj=Z:\OneDrive\Tech\GitHub\Power-System\PWM_MUX\PWM_MUX.cydsn\PWM_MUX.cyprj -dcpsoc3 PWM_MUX.v -verilog
======================================================================

======================================================================
Compiling:  PWM_MUX.v
Program  :   vlogfe
Options  :    -yv2 -q10 -ygs -o2 -v3 -.fftcfgtype=LE -ya -.fftprj=Z:\OneDrive\Tech\GitHub\Power-System\PWM_MUX\PWM_MUX.cydsn\PWM_MUX.cyprj -dcpsoc3 -verilog PWM_MUX.v
======================================================================

vlogfe V6.3 IR 41:  Verilog parser
Wed May 06 19:31:53 2015


======================================================================
Compiling:  PWM_MUX.v
Program  :   vpp
Options  :    -yv2 -q10 PWM_MUX.v
======================================================================

vpp V6.3 IR 41:  Verilog Pre-Processor
Wed May 06 19:31:53 2015

Flattening file 'C:\Program Files (x86)\Cypress\PSoC Creator\3.1\PSoC Creator\warp\..\psoc\content\cyprimitives\CyPrimitives.cylib\cy_virtualmux_v1_0\cy_virtualmux_v1_0.v'
Flattening file 'C:\Program Files (x86)\Cypress\PSoC Creator\3.1\PSoC Creator\warp\..\psoc\content\cyprimitives\CyPrimitives.cylib\mux_v1_10\mux_v1_10.v'

vpp:  No errors.

Library 'work' => directory 'lcpsoc3'
General_symbol_table
General_symbol_table
Linking 'C:\Program Files (x86)\Cypress\PSoC Creator\3.1\PSoC Creator\warp\lib\common\std.vhd'.
Linking 'C:\Program Files (x86)\Cypress\PSoC Creator\3.1\PSoC Creator\warp\lib\common\cypress.vhd'.
Linking 'C:\Program Files (x86)\Cypress\PSoC Creator\3.1\PSoC Creator\warp\lib\common\work\cypress.vif'.
Linking 'C:\Program Files (x86)\Cypress\PSoC Creator\3.1\PSoC Creator\warp\lib\ieee\work\stdlogic.vif'.
Linking 'C:\Program Files (x86)\Cypress\PSoC Creator\3.1\PSoC Creator\warp\lib\common\stdlogic\lpmpkg.vif'.
Linking 'C:\Program Files (x86)\Cypress\PSoC Creator\3.1\PSoC Creator\warp\lib\common\stdlogic\rtlpkg.vif'.
Linking 'C:\Program Files (x86)\Cypress\PSoC Creator\3.1\PSoC Creator\warp\lib\common\stdlogic\mod_cnst.vif'.
Linking 'C:\Program Files (x86)\Cypress\PSoC Creator\3.1\PSoC Creator\warp\lib\common\stdlogic\mod_mthv.vif'.
Linking 'C:\Program Files (x86)\Cypress\PSoC Creator\3.1\PSoC Creator\warp\lib\common\stdlogic\mod_genv.vif'.
Using control file 'PWM_MUX.ctl'.

vlogfe:  No errors.


======================================================================
Compiling:  PWM_MUX.v
Program  :   tovif
Options  :    -yv2 -q10 -ygs -o2 -v3 -.fftcfgtype=LE -ya -.fftprj=Z:\OneDrive\Tech\GitHub\Power-System\PWM_MUX\PWM_MUX.cydsn\PWM_MUX.cyprj -dcpsoc3 -verilog PWM_MUX.v
======================================================================

tovif V6.3 IR 41:  High-level synthesis
Wed May 06 19:31:53 2015

Linking 'C:\Program Files (x86)\Cypress\PSoC Creator\3.1\PSoC Creator\warp\lib\common\std.vhd'.
Linking 'C:\Program Files (x86)\Cypress\PSoC Creator\3.1\PSoC Creator\warp\lib\common\cypress.vhd'.
Linking 'C:\Program Files (x86)\Cypress\PSoC Creator\3.1\PSoC Creator\warp\lib\common\work\cypress.vif'.
Linking 'C:\Program Files (x86)\Cypress\PSoC Creator\3.1\PSoC Creator\warp\lib\ieee\work\stdlogic.vif'.
Linking 'C:\Program Files (x86)\Cypress\PSoC Creator\3.1\PSoC Creator\warp\lib\common\stdlogic\lpmpkg.vif'.
Linking 'C:\Program Files (x86)\Cypress\PSoC Creator\3.1\PSoC Creator\warp\lib\common\stdlogic\rtlpkg.vif'.
Linking 'C:\Program Files (x86)\Cypress\PSoC Creator\3.1\PSoC Creator\warp\lib\common\stdlogic\mod_cnst.vif'.
Linking 'C:\Program Files (x86)\Cypress\PSoC Creator\3.1\PSoC Creator\warp\lib\common\stdlogic\mod_mthv.vif'.
Linking 'C:\Program Files (x86)\Cypress\PSoC Creator\3.1\PSoC Creator\warp\lib\common\stdlogic\mod_genv.vif'.
Linking 'Z:\OneDrive\Tech\GitHub\Power-System\PWM_MUX\PWM_MUX.cydsn\codegentemp\PWM_MUX.ctl'.
Linking 'C:\Program Files (x86)\Cypress\PSoC Creator\3.1\PSoC Creator\psoc\content\cyprimitives\CyPrimitives.cylib\cy_virtualmux_v1_0\cy_virtualmux_v1_0.v'.
Linking 'Z:\OneDrive\Tech\GitHub\Power-System\PWM_MUX\PWM_MUX.cydsn\codegentemp\PWM_MUX.v'.
Linking 'C:\Program Files (x86)\Cypress\PSoC Creator\3.1\PSoC Creator\psoc\content\cyprimitives\CyPrimitives.cylib\mux_v1_10\mux_v1_10.v'.

tovif:  No errors.


======================================================================
Compiling:  PWM_MUX.v
Program  :   topld
Options  :    -yv2 -q10 -ygs -o2 -v3 -.fftcfgtype=LE -ya -.fftprj=Z:\OneDrive\Tech\GitHub\Power-System\PWM_MUX\PWM_MUX.cydsn\PWM_MUX.cyprj -dcpsoc3 -verilog PWM_MUX.v
======================================================================

topld V6.3 IR 41:  Synthesis and optimization
Wed May 06 19:31:54 2015

Linking 'C:\Program Files (x86)\Cypress\PSoC Creator\3.1\PSoC Creator\warp\lib\common\std.vhd'.
Linking 'C:\Program Files (x86)\Cypress\PSoC Creator\3.1\PSoC Creator\warp\lib\common\cypress.vhd'.
Linking 'C:\Program Files (x86)\Cypress\PSoC Creator\3.1\PSoC Creator\warp\lib\common\work\cypress.vif'.
Linking 'C:\Program Files (x86)\Cypress\PSoC Creator\3.1\PSoC Creator\warp\lib\ieee\work\stdlogic.vif'.
Linking 'C:\Program Files (x86)\Cypress\PSoC Creator\3.1\PSoC Creator\warp\lib\common\stdlogic\lpmpkg.vif'.
Linking 'C:\Program Files (x86)\Cypress\PSoC Creator\3.1\PSoC Creator\warp\lib\common\stdlogic\rtlpkg.vif'.
Linking 'C:\Program Files (x86)\Cypress\PSoC Creator\3.1\PSoC Creator\warp\lib\common\stdlogic\mod_cnst.vif'.
Linking 'C:\Program Files (x86)\Cypress\PSoC Creator\3.1\PSoC Creator\warp\lib\common\stdlogic\mod_mthv.vif'.
Linking 'C:\Program Files (x86)\Cypress\PSoC Creator\3.1\PSoC Creator\warp\lib\common\stdlogic\mod_genv.vif'.
Linking 'Z:\OneDrive\Tech\GitHub\Power-System\PWM_MUX\PWM_MUX.cydsn\codegentemp\PWM_MUX.ctl'.
Linking 'C:\Program Files (x86)\Cypress\PSoC Creator\3.1\PSoC Creator\psoc\content\cyprimitives\CyPrimitives.cylib\cy_virtualmux_v1_0\cy_virtualmux_v1_0.v'.
Linking 'Z:\OneDrive\Tech\GitHub\Power-System\PWM_MUX\PWM_MUX.cydsn\codegentemp\PWM_MUX.v'.
Linking 'C:\Program Files (x86)\Cypress\PSoC Creator\3.1\PSoC Creator\psoc\content\cyprimitives\CyPrimitives.cylib\mux_v1_10\mux_v1_10.v'.
Linking 'C:\Program Files (x86)\Cypress\PSoC Creator\3.1\PSoC Creator\warp\lib\lcpsoc3\stdlogic\cpsoc3.vif'.

----------------------------------------------------------
Detecting unused logic.
----------------------------------------------------------



------------------------------------------------------
Alias Detection
------------------------------------------------------
Aliasing \Mux_timer:Net_66\ to \Mux_timer:Net_75\
Aliasing \Mux_timer:Net_82\ to \Mux_timer:Net_75\
Aliasing \Mux_timer:Net_72\ to \Mux_timer:Net_75\
Aliasing tmpOE__INPUT_SELECT_net_1 to \Mux_timer:Net_69\
Aliasing tmpOE__INPUT_SELECT_net_0 to \Mux_timer:Net_69\
Aliasing one to \Mux_timer:Net_69\
Aliasing tmpOE__CONTROL_net_0 to \Mux_timer:Net_69\
Aliasing tmpOE__LED_net_0 to \Mux_timer:Net_69\
Aliasing tmpOE__Drive_Right_MCU_net_0 to \Mux_timer:Net_69\
Aliasing tmpOE__Drive_Right_Backup_net_0 to \Mux_timer:Net_69\
Aliasing tmpOE__Drive_Left_MCU_net_0 to \Mux_timer:Net_69\
Aliasing tmpOE__Drive_Left_Backup_net_0 to \Mux_timer:Net_69\
Aliasing tmpOE__Camera_Pan_MCU_net_0 to \Mux_timer:Net_69\
Aliasing tmpOE__Camera_Pan_Backup_net_0 to \Mux_timer:Net_69\
Aliasing tmpOE__Camera_Tilt_MCU_net_0 to \Mux_timer:Net_69\
Aliasing tmpOE__Camera_Tilt_Backup_net_0 to \Mux_timer:Net_69\
Aliasing tmpOE__Drive_Right_net_0 to \Mux_timer:Net_69\
Aliasing tmpOE__Drive_Left_net_0 to \Mux_timer:Net_69\
Aliasing tmpOE__Camera_Pan_net_0 to \Mux_timer:Net_69\
Aliasing tmpOE__Camera_Tilt_net_0 to \Mux_timer:Net_69\
Aliasing \Default_PWM:Net_75\ to zero
Aliasing \Default_PWM:Net_69\ to \Mux_timer:Net_69\
Aliasing \Default_PWM:Net_66\ to zero
Aliasing \Default_PWM:Net_82\ to zero
Aliasing \Default_PWM:Net_72\ to zero
Aliasing tmpOE__Camera_select_net_0 to \Mux_timer:Net_69\
Aliasing tmpOE__Camera_Sel_Backup_net_0 to \Mux_timer:Net_69\
Aliasing tmpOE__Camera_Sel_MCU_net_0 to \Mux_timer:Net_69\
Aliasing tmpOE__Arm_select_net_0 to \Mux_timer:Net_69\
Aliasing \Cam_sel_PWM:Net_75\ to zero
Aliasing \Cam_sel_PWM:Net_69\ to \Mux_timer:Net_69\
Aliasing \Cam_sel_PWM:Net_66\ to zero
Aliasing \Cam_sel_PWM:Net_82\ to zero
Aliasing \Cam_sel_PWM:Net_72\ to zero
Aliasing \Cam_Sel_timer:Net_69\ to \Mux_timer:Net_69\
Aliasing \Cam_Sel_timer:Net_66\ to \Cam_Sel_timer:Net_75\
Aliasing \Cam_Sel_timer:Net_82\ to \Cam_Sel_timer:Net_75\
Aliasing \Cam_Sel_timer:Net_72\ to \Cam_Sel_timer:Net_75\
Removing Lhs of wire \Mux_timer:Net_81\[1] = Net_64[14]
Removing Lhs of wire \Mux_timer:Net_75\[2] = Net_582[13]
Removing Lhs of wire \Mux_timer:Net_66\[4] = Net_582[13]
Removing Lhs of wire \Mux_timer:Net_82\[5] = Net_582[13]
Removing Lhs of wire \Mux_timer:Net_72\[6] = Net_582[13]
Removing Rhs of wire tmpOE__INPUT_SELECT_net_1[18] = \Mux_timer:Net_69\[3]
Removing Lhs of wire tmpOE__INPUT_SELECT_net_0[19] = tmpOE__INPUT_SELECT_net_1[18]
Removing Lhs of wire one[26] = tmpOE__INPUT_SELECT_net_1[18]
Removing Rhs of wire Net_155[32] = \Turret_Mux_6:tmp__Turret_Mux_6_reg\[28]
Removing Rhs of wire Net_163[36] = \Turret_Mux_8:tmp__Turret_Mux_8_reg\[33]
Removing Rhs of wire Net_159[40] = \Turret_Mux_7:tmp__Turret_Mux_7_reg\[37]
Removing Lhs of wire tmpOE__CONTROL_net_0[42] = tmpOE__INPUT_SELECT_net_1[18]
Removing Lhs of wire tmpOE__LED_net_0[47] = tmpOE__INPUT_SELECT_net_1[18]
Removing Rhs of wire Net_167[55] = \Turret_Mux_9:tmp__Turret_Mux_9_reg\[52]
Removing Lhs of wire tmpOE__Drive_Right_MCU_net_0[57] = tmpOE__INPUT_SELECT_net_1[18]
Removing Lhs of wire tmpOE__Drive_Right_Backup_net_0[62] = tmpOE__INPUT_SELECT_net_1[18]
Removing Lhs of wire tmpOE__Drive_Left_MCU_net_0[67] = tmpOE__INPUT_SELECT_net_1[18]
Removing Lhs of wire tmpOE__Drive_Left_Backup_net_0[72] = tmpOE__INPUT_SELECT_net_1[18]
Removing Lhs of wire tmpOE__Camera_Pan_MCU_net_0[77] = tmpOE__INPUT_SELECT_net_1[18]
Removing Lhs of wire tmpOE__Camera_Pan_Backup_net_0[82] = tmpOE__INPUT_SELECT_net_1[18]
Removing Lhs of wire tmpOE__Camera_Tilt_MCU_net_0[87] = tmpOE__INPUT_SELECT_net_1[18]
Removing Lhs of wire tmpOE__Camera_Tilt_Backup_net_0[92] = tmpOE__INPUT_SELECT_net_1[18]
Removing Lhs of wire tmpOE__Drive_Right_net_0[97] = tmpOE__INPUT_SELECT_net_1[18]
Removing Lhs of wire tmpOE__Drive_Left_net_0[103] = tmpOE__INPUT_SELECT_net_1[18]
Removing Lhs of wire tmpOE__Camera_Pan_net_0[109] = tmpOE__INPUT_SELECT_net_1[18]
Removing Lhs of wire tmpOE__Camera_Tilt_net_0[115] = tmpOE__INPUT_SELECT_net_1[18]
Removing Lhs of wire \Default_PWM:Net_81\[121] = Net_209[132]
Removing Lhs of wire \Default_PWM:Net_75\[122] = zero[20]
Removing Lhs of wire \Default_PWM:Net_69\[123] = tmpOE__INPUT_SELECT_net_1[18]
Removing Lhs of wire \Default_PWM:Net_66\[124] = zero[20]
Removing Lhs of wire \Default_PWM:Net_82\[125] = zero[20]
Removing Lhs of wire \Default_PWM:Net_72\[126] = zero[20]
Removing Lhs of wire tmpOE__Camera_select_net_0[136] = tmpOE__INPUT_SELECT_net_1[18]
Removing Rhs of wire Net_303[137] = \Turret_Mux_1:tmp__Turret_Mux_1_reg\[154]
Removing Lhs of wire tmpOE__Camera_Sel_Backup_net_0[143] = tmpOE__INPUT_SELECT_net_1[18]
Removing Lhs of wire tmpOE__Camera_Sel_MCU_net_0[149] = tmpOE__INPUT_SELECT_net_1[18]
Removing Lhs of wire tmpOE__Arm_select_net_0[157] = tmpOE__INPUT_SELECT_net_1[18]
Removing Lhs of wire \Cam_sel_PWM:Net_81\[167] = Net_332[165]
Removing Lhs of wire \Cam_sel_PWM:Net_75\[168] = zero[20]
Removing Lhs of wire \Cam_sel_PWM:Net_69\[169] = tmpOE__INPUT_SELECT_net_1[18]
Removing Lhs of wire \Cam_sel_PWM:Net_66\[170] = zero[20]
Removing Lhs of wire \Cam_sel_PWM:Net_82\[171] = zero[20]
Removing Lhs of wire \Cam_sel_PWM:Net_72\[172] = zero[20]
Removing Lhs of wire \Cam_Sel_timer:Net_81\[182] = Net_313[180]
Removing Lhs of wire \Cam_Sel_timer:Net_75\[183] = Net_305[144]
Removing Lhs of wire \Cam_Sel_timer:Net_69\[184] = tmpOE__INPUT_SELECT_net_1[18]
Removing Lhs of wire \Cam_Sel_timer:Net_66\[185] = Net_305[144]
Removing Lhs of wire \Cam_Sel_timer:Net_82\[186] = Net_305[144]
Removing Lhs of wire \Cam_Sel_timer:Net_72\[187] = Net_305[144]

------------------------------------------------------
Aliased 0 equations, 49 wires.
------------------------------------------------------

----------------------------------------------------------
Circuit simplification
----------------------------------------------------------

Substituting virtuals - pass 1:


----------------------------------------------------------
Circuit simplification results:

	Expanded 0 signals.
	Turned 0 signals into soft nodes.
	Maximum default expansion cost was set at 3.
----------------------------------------------------------

topld:  No errors.

CYPRESS_DIR    : C:\Program Files (x86)\Cypress\PSoC Creator\3.1\PSoC Creator\warp
Warp Program   : C:\Program Files (x86)\Cypress\PSoC Creator\3.1\PSoC Creator\warp\bin/warp.exe
Warp Arguments : -yv2 -q10 -ygs -o2 -v3 -.fftcfgtype=LE -ya -.fftprj=Z:\OneDrive\Tech\GitHub\Power-System\PWM_MUX\PWM_MUX.cydsn\PWM_MUX.cyprj -dcpsoc3 PWM_MUX.v -verilog
</CYPRESSTAG>
Warp synthesis phase: Elapsed time ==> 1s.123ms
<CYPRESSTAG name="Fitter results...">
<CYPRESSTAG name="Fitter startup details...">
cyp3fit: V3.1.0.1722, Family: PSoC3, Started at: Wednesday, 06 May 2015 19:31:54
Options: -yv2 -q10 -ygs -o2 -v3 -.fftcfgtype=LE -ya -.fftprj=Z:\OneDrive\Tech\GitHub\Power-System\PWM_MUX\PWM_MUX.cydsn\PWM_MUX.cyprj -d CY8C4245AXI-483 PWM_MUX.v -verilog
</CYPRESSTAG>
<CYPRESSTAG name="Design parsing">
Design parsing phase: Elapsed time ==> 0s.031ms
</CYPRESSTAG>
<CYPRESSTAG name="Tech mapping">
<CYPRESSTAG name="Initial Mapping" icon="FILE_RPT_TECHM">
<CYPRESSTAG name="Global Clock Selection" icon="FILE_RPT_TECHM">
    Fixed Function Clock 8: Automatic-assigning  clock 'Clock_4'. Signal=Net_64_ff8
    Fixed Function Clock 9: Automatic-assigning  clock 'Clock_2'. Signal=Net_313_ff9
    Fixed Function Clock 10: Automatic-assigning  clock 'Clock_3'. Signal=Net_332_ff10
    Fixed Function Clock 11: Automatic-assigning  clock 'Clock_1'. Signal=Net_209_ff11
<CYPRESSTAG name="UDB Clock/Enable Remapping Results">
</CYPRESSTAG>
</CYPRESSTAG>
<CYPRESSTAG name="Duplicate Macrocell detection">
</CYPRESSTAG>
</CYPRESSTAG>
<CYPRESSTAG name="Duplicate Macrocell detection">
</CYPRESSTAG>
<CYPRESSTAG name="Design Equations" icon="FILE_RPT_EQUATION">

------------------------------------------------------------
Design Equations
------------------------------------------------------------
    <CYPRESSTAG name="Pin listing">

    ------------------------------------------------------------
    Pin listing
    ------------------------------------------------------------

    Pin : Name = Arm_select(0)
        Attributes:
            In Group/Port: True
            In Sync Option: SYNC
            Out Sync Option: AUTO
            Interrupt generated: False
            Interrupt mode: NONE
            Drive mode: HI_Z_DIGITAL
            VTrip: CMOS
            Slew: FAST
            Input Sync needed: True
            Output Sync needed: False
            SC shield enabled: False
            POR State: ANY
            LCD Mode: COMMON
            Register Mode: RegComb
            CaSense Mode: NEITHER
            Treat as pin: True
            Is OE Registered: False
            Uses Analog: False
            Can contain Digital: True
            Is SIO: False
            SIO Output Buf: NONREGULATED
            SIO Input Buf: SINGLE_ENDED
            SIO HiFreq: LOW
            SIO Hyst: DISABLED
            SIO Vtrip: MULTIPLIER_0_5
            SIO RefSel: VCC_IO
            Required Capabilitites: DIGITAL, ROUTABLE
            Initial Value: 0
            IO Voltage: 0
        PORT MAP (
            pa_out => Arm_select(0)__PA ,
            pad => Arm_select(0)_PAD );
        Properties:
        {
        }

    Pin : Name = CONTROL(0)
        Attributes:
            In Group/Port: True
            In Sync Option: SYNC
            Out Sync Option: AUTO
            Interrupt generated: False
            Interrupt mode: NONE
            Drive mode: HI_Z_DIGITAL
            VTrip: CMOS
            Slew: FAST
            Input Sync needed: True
            Output Sync needed: False
            SC shield enabled: False
            POR State: ANY
            LCD Mode: COMMON
            Register Mode: RegComb
            CaSense Mode: NEITHER
            Treat as pin: True
            Is OE Registered: False
            Uses Analog: False
            Can contain Digital: True
            Is SIO: False
            SIO Output Buf: NONREGULATED
            SIO Input Buf: SINGLE_ENDED
            SIO HiFreq: LOW
            SIO Hyst: DISABLED
            SIO Vtrip: MULTIPLIER_0_5
            SIO RefSel: VCC_IO
            Required Capabilitites: DIGITAL, ROUTABLE
            Initial Value: 0
            IO Voltage: 0
        PORT MAP (
            pa_out => CONTROL(0)__PA ,
            fb => Net_582 ,
            pad => CONTROL(0)_PAD );
        Properties:
        {
        }

    Pin : Name = Camera_Pan(0)
        Attributes:
            In Group/Port: True
            In Sync Option: AUTO
            Out Sync Option: NOSYNC
            Interrupt generated: False
            Interrupt mode: NONE
            Drive mode: CMOS_OUT
            VTrip: EITHER
            Slew: FAST
            Input Sync needed: False
            Output Sync needed: False
            SC shield enabled: False
            POR State: ANY
            LCD Mode: COMMON
            Register Mode: RegComb
            CaSense Mode: NEITHER
            Treat as pin: True
            Is OE Registered: False
            Uses Analog: False
            Can contain Digital: True
            Is SIO: False
            SIO Output Buf: NONREGULATED
            SIO Input Buf: SINGLE_ENDED
            SIO HiFreq: LOW
            SIO Hyst: DISABLED
            SIO Vtrip: MULTIPLIER_0_5
            SIO RefSel: VCC_IO
            Required Capabilitites: DIGITAL, ROUTABLE
            Initial Value: 1
            IO Voltage: 0
        PORT MAP (
            pa_out => Camera_Pan(0)__PA ,
            input => Net_163 ,
            pad => Camera_Pan(0)_PAD );
        Properties:
        {
        }

    Pin : Name = Camera_Pan_Backup(0)
        Attributes:
            In Group/Port: True
            In Sync Option: SYNC
            Out Sync Option: AUTO
            Interrupt generated: False
            Interrupt mode: NONE
            Drive mode: HI_Z_DIGITAL
            VTrip: CMOS
            Slew: FAST
            Input Sync needed: True
            Output Sync needed: False
            SC shield enabled: False
            POR State: ANY
            LCD Mode: COMMON
            Register Mode: RegComb
            CaSense Mode: NEITHER
            Treat as pin: True
            Is OE Registered: False
            Uses Analog: False
            Can contain Digital: True
            Is SIO: False
            SIO Output Buf: NONREGULATED
            SIO Input Buf: SINGLE_ENDED
            SIO HiFreq: LOW
            SIO Hyst: DISABLED
            SIO Vtrip: MULTIPLIER_0_5
            SIO RefSel: VCC_IO
            Required Capabilitites: DIGITAL, ROUTABLE
            Initial Value: 0
            IO Voltage: 0
        PORT MAP (
            pa_out => Camera_Pan_Backup(0)__PA ,
            fb => Net_162 ,
            pad => Camera_Pan_Backup(0)_PAD );
        Properties:
        {
        }

    Pin : Name = Camera_Pan_MCU(0)
        Attributes:
            In Group/Port: True
            In Sync Option: SYNC
            Out Sync Option: AUTO
            Interrupt generated: False
            Interrupt mode: NONE
            Drive mode: HI_Z_DIGITAL
            VTrip: CMOS
            Slew: FAST
            Input Sync needed: True
            Output Sync needed: False
            SC shield enabled: False
            POR State: ANY
            LCD Mode: COMMON
            Register Mode: RegComb
            CaSense Mode: NEITHER
            Treat as pin: True
            Is OE Registered: False
            Uses Analog: False
            Can contain Digital: True
            Is SIO: False
            SIO Output Buf: NONREGULATED
            SIO Input Buf: SINGLE_ENDED
            SIO HiFreq: LOW
            SIO Hyst: DISABLED
            SIO Vtrip: MULTIPLIER_0_5
            SIO RefSel: VCC_IO
            Required Capabilitites: DIGITAL, ROUTABLE
            Initial Value: 0
            IO Voltage: 0
        PORT MAP (
            pa_out => Camera_Pan_MCU(0)__PA ,
            fb => Net_161 ,
            pad => Camera_Pan_MCU(0)_PAD );
        Properties:
        {
        }

    Pin : Name = Camera_Sel_Backup(0)
        Attributes:
            In Group/Port: True
            In Sync Option: SYNC
            Out Sync Option: AUTO
            Interrupt generated: False
            Interrupt mode: NONE
            Drive mode: HI_Z_DIGITAL
            VTrip: CMOS
            Slew: FAST
            Input Sync needed: True
            Output Sync needed: False
            SC shield enabled: False
            POR State: ANY
            LCD Mode: COMMON
            Register Mode: RegComb
            CaSense Mode: NEITHER
            Treat as pin: True
            Is OE Registered: False
            Uses Analog: False
            Can contain Digital: True
            Is SIO: False
            SIO Output Buf: NONREGULATED
            SIO Input Buf: SINGLE_ENDED
            SIO HiFreq: LOW
            SIO Hyst: DISABLED
            SIO Vtrip: MULTIPLIER_0_5
            SIO RefSel: VCC_IO
            Required Capabilitites: DIGITAL, ROUTABLE
            Initial Value: 0
            IO Voltage: 0
        PORT MAP (
            pa_out => Camera_Sel_Backup(0)__PA ,
            fb => Net_305 ,
            pad => Camera_Sel_Backup(0)_PAD );
        Properties:
        {
        }

    Pin : Name = Camera_Sel_MCU(0)
        Attributes:
            In Group/Port: True
            In Sync Option: SYNC
            Out Sync Option: AUTO
            Interrupt generated: False
            Interrupt mode: NONE
            Drive mode: HI_Z_DIGITAL
            VTrip: CMOS
            Slew: FAST
            Input Sync needed: True
            Output Sync needed: False
            SC shield enabled: False
            POR State: ANY
            LCD Mode: COMMON
            Register Mode: RegComb
            CaSense Mode: NEITHER
            Treat as pin: True
            Is OE Registered: False
            Uses Analog: False
            Can contain Digital: True
            Is SIO: False
            SIO Output Buf: NONREGULATED
            SIO Input Buf: SINGLE_ENDED
            SIO HiFreq: LOW
            SIO Hyst: DISABLED
            SIO Vtrip: MULTIPLIER_0_5
            SIO RefSel: VCC_IO
            Required Capabilitites: DIGITAL, ROUTABLE
            Initial Value: 0
            IO Voltage: 0
        PORT MAP (
            pa_out => Camera_Sel_MCU(0)__PA ,
            fb => Net_301 ,
            pad => Camera_Sel_MCU(0)_PAD );
        Properties:
        {
        }

    Pin : Name = Camera_Tilt(0)
        Attributes:
            In Group/Port: True
            In Sync Option: AUTO
            Out Sync Option: NOSYNC
            Interrupt generated: False
            Interrupt mode: NONE
            Drive mode: CMOS_OUT
            VTrip: EITHER
            Slew: FAST
            Input Sync needed: False
            Output Sync needed: False
            SC shield enabled: False
            POR State: ANY
            LCD Mode: COMMON
            Register Mode: RegComb
            CaSense Mode: NEITHER
            Treat as pin: True
            Is OE Registered: False
            Uses Analog: False
            Can contain Digital: True
            Is SIO: False
            SIO Output Buf: NONREGULATED
            SIO Input Buf: SINGLE_ENDED
            SIO HiFreq: LOW
            SIO Hyst: DISABLED
            SIO Vtrip: MULTIPLIER_0_5
            SIO RefSel: VCC_IO
            Required Capabilitites: DIGITAL, ROUTABLE
            Initial Value: 1
            IO Voltage: 0
        PORT MAP (
            pa_out => Camera_Tilt(0)__PA ,
            input => Net_167 ,
            pad => Camera_Tilt(0)_PAD );
        Properties:
        {
        }

    Pin : Name = Camera_Tilt_Backup(0)
        Attributes:
            In Group/Port: True
            In Sync Option: SYNC
            Out Sync Option: AUTO
            Interrupt generated: False
            Interrupt mode: NONE
            Drive mode: HI_Z_DIGITAL
            VTrip: CMOS
            Slew: FAST
            Input Sync needed: True
            Output Sync needed: False
            SC shield enabled: False
            POR State: ANY
            LCD Mode: COMMON
            Register Mode: RegComb
            CaSense Mode: NEITHER
            Treat as pin: True
            Is OE Registered: False
            Uses Analog: False
            Can contain Digital: True
            Is SIO: False
            SIO Output Buf: NONREGULATED
            SIO Input Buf: SINGLE_ENDED
            SIO HiFreq: LOW
            SIO Hyst: DISABLED
            SIO Vtrip: MULTIPLIER_0_5
            SIO RefSel: VCC_IO
            Required Capabilitites: DIGITAL, ROUTABLE
            Initial Value: 0
            IO Voltage: 0
        PORT MAP (
            pa_out => Camera_Tilt_Backup(0)__PA ,
            fb => Net_166 ,
            pad => Camera_Tilt_Backup(0)_PAD );
        Properties:
        {
        }

    Pin : Name = Camera_Tilt_MCU(0)
        Attributes:
            In Group/Port: True
            In Sync Option: SYNC
            Out Sync Option: AUTO
            Interrupt generated: False
            Interrupt mode: NONE
            Drive mode: HI_Z_DIGITAL
            VTrip: CMOS
            Slew: FAST
            Input Sync needed: True
            Output Sync needed: False
            SC shield enabled: False
            POR State: ANY
            LCD Mode: COMMON
            Register Mode: RegComb
            CaSense Mode: NEITHER
            Treat as pin: True
            Is OE Registered: False
            Uses Analog: False
            Can contain Digital: True
            Is SIO: False
            SIO Output Buf: NONREGULATED
            SIO Input Buf: SINGLE_ENDED
            SIO HiFreq: LOW
            SIO Hyst: DISABLED
            SIO Vtrip: MULTIPLIER_0_5
            SIO RefSel: VCC_IO
            Required Capabilitites: DIGITAL, ROUTABLE
            Initial Value: 0
            IO Voltage: 0
        PORT MAP (
            pa_out => Camera_Tilt_MCU(0)__PA ,
            fb => Net_165 ,
            pad => Camera_Tilt_MCU(0)_PAD );
        Properties:
        {
        }

    Pin : Name = Camera_select(0)
        Attributes:
            In Group/Port: True
            In Sync Option: AUTO
            Out Sync Option: NOSYNC
            Interrupt generated: False
            Interrupt mode: NONE
            Drive mode: CMOS_OUT
            VTrip: EITHER
            Slew: FAST
            Input Sync needed: False
            Output Sync needed: False
            SC shield enabled: False
            POR State: ANY
            LCD Mode: COMMON
            Register Mode: RegComb
            CaSense Mode: NEITHER
            Treat as pin: True
            Is OE Registered: False
            Uses Analog: False
            Can contain Digital: True
            Is SIO: False
            SIO Output Buf: NONREGULATED
            SIO Input Buf: SINGLE_ENDED
            SIO HiFreq: LOW
            SIO Hyst: DISABLED
            SIO Vtrip: MULTIPLIER_0_5
            SIO RefSel: VCC_IO
            Required Capabilitites: DIGITAL, ROUTABLE
            Initial Value: 1
            IO Voltage: 0
        PORT MAP (
            pa_out => Camera_select(0)__PA ,
            input => Net_303 ,
            pad => Camera_select(0)_PAD );
        Properties:
        {
        }

    Pin : Name = Drive_Left(0)
        Attributes:
            In Group/Port: True
            In Sync Option: AUTO
            Out Sync Option: NOSYNC
            Interrupt generated: False
            Interrupt mode: NONE
            Drive mode: CMOS_OUT
            VTrip: EITHER
            Slew: FAST
            Input Sync needed: False
            Output Sync needed: False
            SC shield enabled: False
            POR State: ANY
            LCD Mode: COMMON
            Register Mode: RegComb
            CaSense Mode: NEITHER
            Treat as pin: True
            Is OE Registered: False
            Uses Analog: False
            Can contain Digital: True
            Is SIO: False
            SIO Output Buf: NONREGULATED
            SIO Input Buf: SINGLE_ENDED
            SIO HiFreq: LOW
            SIO Hyst: DISABLED
            SIO Vtrip: MULTIPLIER_0_5
            SIO RefSel: VCC_IO
            Required Capabilitites: DIGITAL, ROUTABLE
            Initial Value: 1
            IO Voltage: 0
        PORT MAP (
            pa_out => Drive_Left(0)__PA ,
            input => Net_159 ,
            pad => Drive_Left(0)_PAD );
        Properties:
        {
        }

    Pin : Name = Drive_Left_Backup(0)
        Attributes:
            In Group/Port: True
            In Sync Option: SYNC
            Out Sync Option: AUTO
            Interrupt generated: False
            Interrupt mode: NONE
            Drive mode: HI_Z_DIGITAL
            VTrip: CMOS
            Slew: FAST
            Input Sync needed: True
            Output Sync needed: False
            SC shield enabled: False
            POR State: ANY
            LCD Mode: COMMON
            Register Mode: RegComb
            CaSense Mode: NEITHER
            Treat as pin: True
            Is OE Registered: False
            Uses Analog: False
            Can contain Digital: True
            Is SIO: False
            SIO Output Buf: NONREGULATED
            SIO Input Buf: SINGLE_ENDED
            SIO HiFreq: LOW
            SIO Hyst: DISABLED
            SIO Vtrip: MULTIPLIER_0_5
            SIO RefSel: VCC_IO
            Required Capabilitites: DIGITAL, ROUTABLE
            Initial Value: 0
            IO Voltage: 0
        PORT MAP (
            pa_out => Drive_Left_Backup(0)__PA ,
            fb => Net_267 ,
            pad => Drive_Left_Backup(0)_PAD );
        Properties:
        {
        }

    Pin : Name = Drive_Left_MCU(0)
        Attributes:
            In Group/Port: True
            In Sync Option: SYNC
            Out Sync Option: AUTO
            Interrupt generated: False
            Interrupt mode: NONE
            Drive mode: HI_Z_DIGITAL
            VTrip: CMOS
            Slew: FAST
            Input Sync needed: True
            Output Sync needed: False
            SC shield enabled: False
            POR State: ANY
            LCD Mode: COMMON
            Register Mode: RegComb
            CaSense Mode: NEITHER
            Treat as pin: True
            Is OE Registered: False
            Uses Analog: False
            Can contain Digital: True
            Is SIO: False
            SIO Output Buf: NONREGULATED
            SIO Input Buf: SINGLE_ENDED
            SIO HiFreq: LOW
            SIO Hyst: DISABLED
            SIO Vtrip: MULTIPLIER_0_5
            SIO RefSel: VCC_IO
            Required Capabilitites: DIGITAL, ROUTABLE
            Initial Value: 0
            IO Voltage: 0
        PORT MAP (
            pa_out => Drive_Left_MCU(0)__PA ,
            fb => Net_266 ,
            pad => Drive_Left_MCU(0)_PAD );
        Properties:
        {
        }

    Pin : Name = Drive_Right(0)
        Attributes:
            In Group/Port: True
            In Sync Option: AUTO
            Out Sync Option: NOSYNC
            Interrupt generated: False
            Interrupt mode: NONE
            Drive mode: CMOS_OUT
            VTrip: EITHER
            Slew: FAST
            Input Sync needed: False
            Output Sync needed: False
            SC shield enabled: False
            POR State: ANY
            LCD Mode: COMMON
            Register Mode: RegComb
            CaSense Mode: NEITHER
            Treat as pin: True
            Is OE Registered: False
            Uses Analog: False
            Can contain Digital: True
            Is SIO: False
            SIO Output Buf: NONREGULATED
            SIO Input Buf: SINGLE_ENDED
            SIO HiFreq: LOW
            SIO Hyst: DISABLED
            SIO Vtrip: MULTIPLIER_0_5
            SIO RefSel: VCC_IO
            Required Capabilitites: DIGITAL, ROUTABLE
            Initial Value: 1
            IO Voltage: 0
        PORT MAP (
            pa_out => Drive_Right(0)__PA ,
            input => Net_155 ,
            pad => Drive_Right(0)_PAD );
        Properties:
        {
        }

    Pin : Name = Drive_Right_Backup(0)
        Attributes:
            In Group/Port: True
            In Sync Option: SYNC
            Out Sync Option: AUTO
            Interrupt generated: False
            Interrupt mode: NONE
            Drive mode: HI_Z_DIGITAL
            VTrip: CMOS
            Slew: FAST
            Input Sync needed: True
            Output Sync needed: False
            SC shield enabled: False
            POR State: ANY
            LCD Mode: COMMON
            Register Mode: RegComb
            CaSense Mode: NEITHER
            Treat as pin: True
            Is OE Registered: False
            Uses Analog: False
            Can contain Digital: True
            Is SIO: False
            SIO Output Buf: NONREGULATED
            SIO Input Buf: SINGLE_ENDED
            SIO HiFreq: LOW
            SIO Hyst: DISABLED
            SIO Vtrip: MULTIPLIER_0_5
            SIO RefSel: VCC_IO
            Required Capabilitites: DIGITAL, ROUTABLE
            Initial Value: 0
            IO Voltage: 0
        PORT MAP (
            pa_out => Drive_Right_Backup(0)__PA ,
            fb => Net_200 ,
            pad => Drive_Right_Backup(0)_PAD );
        Properties:
        {
        }

    Pin : Name = Drive_Right_MCU(0)
        Attributes:
            In Group/Port: True
            In Sync Option: SYNC
            Out Sync Option: AUTO
            Interrupt generated: False
            Interrupt mode: NONE
            Drive mode: HI_Z_DIGITAL
            VTrip: CMOS
            Slew: FAST
            Input Sync needed: True
            Output Sync needed: False
            SC shield enabled: False
            POR State: ANY
            LCD Mode: COMMON
            Register Mode: RegComb
            CaSense Mode: NEITHER
            Treat as pin: True
            Is OE Registered: False
            Uses Analog: False
            Can contain Digital: True
            Is SIO: False
            SIO Output Buf: NONREGULATED
            SIO Input Buf: SINGLE_ENDED
            SIO HiFreq: LOW
            SIO Hyst: DISABLED
            SIO Vtrip: MULTIPLIER_0_5
            SIO RefSel: VCC_IO
            Required Capabilitites: DIGITAL, ROUTABLE
            Initial Value: 0
            IO Voltage: 0
        PORT MAP (
            pa_out => Drive_Right_MCU(0)__PA ,
            fb => Net_153 ,
            pad => Drive_Right_MCU(0)_PAD );
        Properties:
        {
        }

    Pin : Name = INPUT_SELECT(0)
        Attributes:
            In Group/Port: True
            In Sync Option: SYNC
            Out Sync Option: NOSYNC
            Interrupt generated: False
            Interrupt mode: NONE
            Drive mode: CMOS_OUT
            VTrip: CMOS
            Slew: FAST
            Input Sync needed: True
            Output Sync needed: False
            SC shield enabled: False
            POR State: ANY
            LCD Mode: COMMON
            Register Mode: RegComb
            CaSense Mode: NEITHER
            Treat as pin: False
            Is OE Registered: False
            Uses Analog: False
            Can contain Digital: True
            Is SIO: False
            SIO Output Buf: NONREGULATED
            SIO Input Buf: SINGLE_ENDED
            SIO HiFreq: LOW
            SIO Hyst: DISABLED
            SIO Vtrip: MULTIPLIER_0_5
            SIO RefSel: VCC_IO
            Required Capabilitites: DIGITAL, ROUTABLE
            Initial Value: 0
            IO Voltage: 0
        PORT MAP (
            pa_out => INPUT_SELECT(0)__PA ,
            fb => Net_278_0 ,
            pad => INPUT_SELECT(0)_PAD );
        Properties:
        {
        }

    Pin : Name = INPUT_SELECT(1)
        Attributes:
            In Group/Port: True
            In Sync Option: SYNC
            Out Sync Option: NOSYNC
            Interrupt generated: False
            Interrupt mode: NONE
            Drive mode: CMOS_OUT
            VTrip: CMOS
            Slew: FAST
            Input Sync needed: True
            Output Sync needed: False
            SC shield enabled: False
            POR State: ANY
            LCD Mode: COMMON
            Register Mode: RegComb
            CaSense Mode: NEITHER
            Treat as pin: False
            Is OE Registered: False
            Uses Analog: False
            Can contain Digital: True
            Is SIO: False
            SIO Output Buf: NONREGULATED
            SIO Input Buf: SINGLE_ENDED
            SIO HiFreq: LOW
            SIO Hyst: DISABLED
            SIO Vtrip: MULTIPLIER_0_5
            SIO RefSel: VCC_IO
            Required Capabilitites: DIGITAL, ROUTABLE
            Initial Value: 0
            IO Voltage: 0
        PORT MAP (
            pa_out => INPUT_SELECT(1)__PA ,
            fb => Net_278_1 ,
            pad => INPUT_SELECT(1)_PAD );
        Properties:
        {
        }

    Pin : Name = LED(0)
        Attributes:
            In Group/Port: True
            In Sync Option: AUTO
            Out Sync Option: NOSYNC
            Interrupt generated: False
            Interrupt mode: NONE
            Drive mode: CMOS_OUT
            VTrip: EITHER
            Slew: FAST
            Input Sync needed: False
            Output Sync needed: False
            SC shield enabled: False
            POR State: ANY
            LCD Mode: COMMON
            Register Mode: RegComb
            CaSense Mode: NEITHER
            Treat as pin: True
            Is OE Registered: False
            Uses Analog: False
            Can contain Digital: True
            Is SIO: False
            SIO Output Buf: NONREGULATED
            SIO Input Buf: SINGLE_ENDED
            SIO HiFreq: LOW
            SIO Hyst: DISABLED
            SIO Vtrip: MULTIPLIER_0_5
            SIO RefSel: VCC_IO
            Required Capabilitites: DIGITAL
            Initial Value: 0
            IO Voltage: 0
        PORT MAP (
            pa_out => LED(0)__PA ,
            pad => LED(0)_PAD );
        Properties:
        {
        }
    </CYPRESSTAG>
    <CYPRESSTAG name="Macrocell listing" icon="FILE_RPT_EQUATION">

    ------------------------------------------------------------
    Macrocell listing
    ------------------------------------------------------------

    MacroCell: Name=Net_155, Mode=(Combinatorial)
        Total # of inputs        : 5
        Total # of product terms : 3
            Clock Enable: True
        Main Equation            : 3 pterms
        (
              !Net_278_1 * !Net_278_0 * Net_153
            + !Net_278_1 * Net_278_0 * Net_200
            + Net_278_1 * Net_199
        );
        Output = Net_155 (fanout=1)

    MacroCell: Name=Net_159, Mode=(Combinatorial)
        Total # of inputs        : 5
        Total # of product terms : 3
            Clock Enable: True
        Main Equation            : 3 pterms
        (
              !Net_278_1 * !Net_278_0 * Net_266
            + !Net_278_1 * Net_278_0 * Net_267
            + Net_278_1 * Net_199
        );
        Output = Net_159 (fanout=1)

    MacroCell: Name=Net_163, Mode=(Combinatorial)
        Total # of inputs        : 5
        Total # of product terms : 3
            Clock Enable: True
        Main Equation            : 3 pterms
        (
              !Net_278_1 * !Net_278_0 * Net_161
            + !Net_278_1 * Net_278_0 * Net_162
            + Net_278_1 * Net_199
        );
        Output = Net_163 (fanout=1)

    MacroCell: Name=Net_167, Mode=(Combinatorial)
        Total # of inputs        : 5
        Total # of product terms : 3
            Clock Enable: True
        Main Equation            : 3 pterms
        (
              !Net_278_1 * !Net_278_0 * Net_165
            + !Net_278_1 * Net_278_0 * Net_166
            + Net_278_1 * Net_199
        );
        Output = Net_167 (fanout=1)

    MacroCell: Name=Net_303, Mode=(Combinatorial)
        Total # of inputs        : 5
        Total # of product terms : 3
            Clock Enable: True
        Main Equation            : 3 pterms
        (
              !Net_278_1 * !Net_278_0 * Net_301
            + !Net_278_1 * Net_278_0 * Net_305
            + Net_278_1 * Net_322
        );
        Output = Net_303 (fanout=1)
    </CYPRESSTAG>
    <CYPRESSTAG name="Datapath listing">
    </CYPRESSTAG>
    <CYPRESSTAG name="Status register listing">
    </CYPRESSTAG>
    <CYPRESSTAG name="StatusI register listing">
    </CYPRESSTAG>
    <CYPRESSTAG name="Sync listing">
    </CYPRESSTAG>
    <CYPRESSTAG name="Control register listing">
    </CYPRESSTAG>
    <CYPRESSTAG name="Count7 listing">
    </CYPRESSTAG>
    <CYPRESSTAG name="DRQ listing">
    </CYPRESSTAG>
    <CYPRESSTAG name="Interrupt listing">

    ------------------------------------------------------------
    Interrupt listing
    ------------------------------------------------------------

    interrupt: Name =ISR
        PORT MAP (
            interrupt => Net_58 );
        Properties:
        {
            int_type = "10"
        }

    interrupt: Name =ISR_1
        PORT MAP (
            interrupt => Net_203 );
        Properties:
        {
            int_type = "10"
        }

    interrupt: Name =ISR_2
        PORT MAP (
            interrupt => Net_307 );
        Properties:
        {
            int_type = "10"
        }

    interrupt: Name =ISR_3
        PORT MAP (
            interrupt => Net_326 );
        Properties:
        {
            int_type = "10"
        }
    </CYPRESSTAG>
</CYPRESSTAG>
<CYPRESSTAG name="Technology mapping summary" expanded>

------------------------------------------------------------
Technology mapping summary
------------------------------------------------------------

Resource Type                 : Used : Free :  Max :  % Used
============================================================
Digital clock dividers        :    0 :    4 :    4 :   0.00%
Pins                          :   22 :   14 :   36 :  61.11%
UDB Macrocells                :    5 :   27 :   32 :  15.63%
UDB Unique Pterms             :   12 :   52 :   64 :  18.75%
UDB Total Pterms              :   15 :      :      : 
UDB Datapath Cells            :    0 :    4 :    4 :   0.00%
UDB Status Cells              :    0 :    4 :    4 :   0.00%
UDB Control Cells             :    0 :    4 :    4 :   0.00%
Interrupts                    :    4 :   28 :   32 :  12.50%
Comparator/Opamp Fixed Blocks :    0 :    2 :    2 :   0.00%
SAR Fixed Blocks              :    0 :    1 :    1 :   0.00%
CSD Fixed Blocks              :    0 :    1 :    1 :   0.00%
CapSense Blocks               :    0 :    1 :    1 :   0.00%
8-bit CapSense IDACs          :    0 :    1 :    1 :   0.00%
7-bit CapSense IDACs          :    0 :    1 :    1 :   0.00%
Temperature Sensors           :    0 :    1 :    1 :   0.00%
Low Power Comparators         :    0 :    2 :    2 :   0.00%
TCPWM Blocks                  :    4 :    0 :    4 : 100.00%
Serial Communication Blocks   :    0 :    2 :    2 :   0.00%
Segment LCD Blocks            :    0 :    1 :    1 :   0.00%
</CYPRESSTAG>
Technology Mapping: Elapsed time ==> 0s.545ms
Tech mapping phase: Elapsed time ==> 0s.582ms
</CYPRESSTAG>
<CYPRESSTAG name="Analog Placement">
<CYPRESSTAG name="Analog Placement">
Elapsed time ==> 0.0152560s
</CYPRESSTAG>
Analog Placement phase: Elapsed time ==> 0s.041ms
</CYPRESSTAG>
<CYPRESSTAG name="Analog Routing">
<CYPRESSTAG name="Analog Routing">
Route success=True, Iterations=1 Elapsed=0.0026604 secs
</CYPRESSTAG>
Analog Routing phase: Elapsed time ==> 0s.005ms
</CYPRESSTAG>
<CYPRESSTAG name="Analog Code Generation">
============ Analog Final Answer Routes ============
Dump of CyAnalogRoutingResultsDB
Map of net to items {
}
Map of item to net {
}
Mux Info {
}
Analog Code Generation phase: Elapsed time ==> 0s.139ms
</CYPRESSTAG>
<CYPRESSTAG name="Digital Placement">
<CYPRESSTAG name="Detailed placement messages">
I2659: No Constrained paths were found. The placer will run in non-timing driven mode.
I2076: Total run-time: 0.4 sec.

</CYPRESSTAG>
<CYPRESSTAG name="PLD Packing">
<CYPRESSTAG name="PLD Packing Summary" expanded>

------------------------------------------------------------
PLD Packing Summary
------------------------------------------------------------
            Resource Type : Used : Free :  Max :  % Used
    ====================================================
                     PLDs :    4 :    4 :    8 :  50.00%

<CYPRESSTAG name="PLD Statistics">

        PLD Resource Type :     Average/LAB
    =======================================
                   Inputs :            5.75
                   Pterms :            3.75
               Macrocells :            1.25
</CYPRESSTAG>
<CYPRESSTAG name="Packed PLD Contents">
Packed PLD Contents not displayed at this verbose level.</CYPRESSTAG>
</CYPRESSTAG>
PLD Packing: Elapsed time ==> 0s.000ms
</CYPRESSTAG>
<CYPRESSTAG name="Partitioning">
<CYPRESSTAG name="Initial Partitioning Summary">
Initial Partitioning Summary not displayed at this verbose level.</CYPRESSTAG>
<CYPRESSTAG name="Final Partitioning Summary">
Final Partitioning Summary not displayed at this verbose level.</CYPRESSTAG>
Partitioning: Elapsed time ==> 0s.021ms
</CYPRESSTAG>
<CYPRESSTAG name="Simulated Annealing">
Annealing: Elapsed time ==> 0s.002ms
<CYPRESSTAG name="Simulated Annealing Results">
The seed used for moves was 114161200.
Inital cost was 154, final cost is 154 (0.00% improvement).</CYPRESSTAG>
</CYPRESSTAG>
<CYPRESSTAG name="Final Placement Summary">

------------------------------------------------------------
Final Placement Summary
------------------------------------------------------------

       Resource Type :      Count : Avg Inputs : Avg Outputs
    ========================================================
                 UDB :          2 :       8.50 :       2.50
<CYPRESSTAG name="Final Placement Details">
<CYPRESSTAG name="Component Details">

------------------------------------------------------------
Component Placement Details
------------------------------------------------------------
UDB [UDB=(0,0)] contents:
LAB@[UDB=(0,0)][LB=0] #macrocells=2, #inputs=8, #pterms=6
{
    [McSlotId=0]: (empty)
    [McSlotId=1]:     MacroCell: Name=Net_303, Mode=(Combinatorial) @ [UDB=(0,0)][LB=0][MC=1]
        Total # of inputs        : 5
        Total # of product terms : 3
            Clock Enable: True
        Main Equation            : 3 pterms
        (
              !Net_278_1 * !Net_278_0 * Net_301
            + !Net_278_1 * Net_278_0 * Net_305
            + Net_278_1 * Net_322
        );
        Output = Net_303 (fanout=1)
        Properties               : 
        {
        }

    [McSlotId=2]: (empty)
    [McSlotId=3]:     MacroCell: Name=Net_159, Mode=(Combinatorial) @ [UDB=(0,0)][LB=0][MC=3]
        Total # of inputs        : 5
        Total # of product terms : 3
            Clock Enable: True
        Main Equation            : 3 pterms
        (
              !Net_278_1 * !Net_278_0 * Net_266
            + !Net_278_1 * Net_278_0 * Net_267
            + Net_278_1 * Net_199
        );
        Output = Net_159 (fanout=1)
        Properties               : 
        {
        }
}

LAB@[UDB=(0,0)][LB=1] #macrocells=1, #inputs=5, #pterms=3
{
    [McSlotId=0]:     MacroCell: Name=Net_167, Mode=(Combinatorial) @ [UDB=(0,0)][LB=1][MC=0]
        Total # of inputs        : 5
        Total # of product terms : 3
            Clock Enable: True
        Main Equation            : 3 pterms
        (
              !Net_278_1 * !Net_278_0 * Net_165
            + !Net_278_1 * Net_278_0 * Net_166
            + Net_278_1 * Net_199
        );
        Output = Net_167 (fanout=1)
        Properties               : 
        {
        }

    [McSlotId=1]: (empty)
    [McSlotId=2]: (empty)
    [McSlotId=3]: (empty)
}

UDB [UDB=(0,1)] is empty.
UDB [UDB=(1,0)] contents:
LAB@[UDB=(1,0)][LB=0] #macrocells=1, #inputs=5, #pterms=3
{
    [McSlotId=0]:     MacroCell: Name=Net_163, Mode=(Combinatorial) @ [UDB=(1,0)][LB=0][MC=0]
        Total # of inputs        : 5
        Total # of product terms : 3
            Clock Enable: True
        Main Equation            : 3 pterms
        (
              !Net_278_1 * !Net_278_0 * Net_161
            + !Net_278_1 * Net_278_0 * Net_162
            + Net_278_1 * Net_199
        );
        Output = Net_163 (fanout=1)
        Properties               : 
        {
        }

    [McSlotId=1]: (empty)
    [McSlotId=2]: (empty)
    [McSlotId=3]: (empty)
}

LAB@[UDB=(1,0)][LB=1] #macrocells=1, #inputs=5, #pterms=3
{
    [McSlotId=0]: (empty)
    [McSlotId=1]: (empty)
    [McSlotId=2]:     MacroCell: Name=Net_155, Mode=(Combinatorial) @ [UDB=(1,0)][LB=1][MC=2]
        Total # of inputs        : 5
        Total # of product terms : 3
            Clock Enable: True
        Main Equation            : 3 pterms
        (
              !Net_278_1 * !Net_278_0 * Net_153
            + !Net_278_1 * Net_278_0 * Net_200
            + Net_278_1 * Net_199
        );
        Output = Net_155 (fanout=1)
        Properties               : 
        {
        }

    [McSlotId=3]: (empty)
}

UDB [UDB=(1,1)] is empty.
Intr hod @ [IntrHod=(0)]: 
  Intr@ [IntrHod=(0)][IntrId=(16)] 
    interrupt: Name =ISR_3
        PORT MAP (
            interrupt => Net_326 );
        Properties:
        {
            int_type = "10"
        }
  Intr@ [IntrHod=(0)][IntrId=(17)] 
    interrupt: Name =ISR
        PORT MAP (
            interrupt => Net_58 );
        Properties:
        {
            int_type = "10"
        }
  Intr@ [IntrHod=(0)][IntrId=(18)] 
    interrupt: Name =ISR_2
        PORT MAP (
            interrupt => Net_307 );
        Properties:
        {
            int_type = "10"
        }
  Intr@ [IntrHod=(0)][IntrId=(19)] 
    interrupt: Name =ISR_1
        PORT MAP (
            interrupt => Net_203 );
        Properties:
        {
            int_type = "10"
        }
Port 0 contains the following IO cells:
[IoId=1]: 
Pin : Name = Arm_select(0)
    Attributes:
        In Group/Port: True
        In Sync Option: SYNC
        Out Sync Option: AUTO
        Interrupt generated: False
        Interrupt mode: NONE
        Drive mode: HI_Z_DIGITAL
        VTrip: CMOS
        Slew: FAST
        Input Sync needed: True
        Output Sync needed: False
        SC shield enabled: False
        POR State: ANY
        LCD Mode: COMMON
        Register Mode: RegComb
        CaSense Mode: NEITHER
        Treat as pin: True
        Is OE Registered: False
        Uses Analog: False
        Can contain Digital: True
        Is SIO: False
        SIO Output Buf: NONREGULATED
        SIO Input Buf: SINGLE_ENDED
        SIO HiFreq: LOW
        SIO Hyst: DISABLED
        SIO Vtrip: MULTIPLIER_0_5
        SIO RefSel: VCC_IO
        Required Capabilitites: DIGITAL, ROUTABLE
        Initial Value: 0
        IO Voltage: 0
    PORT MAP (
        pa_out => Arm_select(0)__PA ,
        pad => Arm_select(0)_PAD );
    Properties:
    {
    }

[IoId=2]: 
Pin : Name = Camera_Tilt(0)
    Attributes:
        In Group/Port: True
        In Sync Option: AUTO
        Out Sync Option: NOSYNC
        Interrupt generated: False
        Interrupt mode: NONE
        Drive mode: CMOS_OUT
        VTrip: EITHER
        Slew: FAST
        Input Sync needed: False
        Output Sync needed: False
        SC shield enabled: False
        POR State: ANY
        LCD Mode: COMMON
        Register Mode: RegComb
        CaSense Mode: NEITHER
        Treat as pin: True
        Is OE Registered: False
        Uses Analog: False
        Can contain Digital: True
        Is SIO: False
        SIO Output Buf: NONREGULATED
        SIO Input Buf: SINGLE_ENDED
        SIO HiFreq: LOW
        SIO Hyst: DISABLED
        SIO Vtrip: MULTIPLIER_0_5
        SIO RefSel: VCC_IO
        Required Capabilitites: DIGITAL, ROUTABLE
        Initial Value: 1
        IO Voltage: 0
    PORT MAP (
        pa_out => Camera_Tilt(0)__PA ,
        input => Net_167 ,
        pad => Camera_Tilt(0)_PAD );
    Properties:
    {
    }

[IoId=3]: 
Pin : Name = Camera_Tilt_Backup(0)
    Attributes:
        In Group/Port: True
        In Sync Option: SYNC
        Out Sync Option: AUTO
        Interrupt generated: False
        Interrupt mode: NONE
        Drive mode: HI_Z_DIGITAL
        VTrip: CMOS
        Slew: FAST
        Input Sync needed: True
        Output Sync needed: False
        SC shield enabled: False
        POR State: ANY
        LCD Mode: COMMON
        Register Mode: RegComb
        CaSense Mode: NEITHER
        Treat as pin: True
        Is OE Registered: False
        Uses Analog: False
        Can contain Digital: True
        Is SIO: False
        SIO Output Buf: NONREGULATED
        SIO Input Buf: SINGLE_ENDED
        SIO HiFreq: LOW
        SIO Hyst: DISABLED
        SIO Vtrip: MULTIPLIER_0_5
        SIO RefSel: VCC_IO
        Required Capabilitites: DIGITAL, ROUTABLE
        Initial Value: 0
        IO Voltage: 0
    PORT MAP (
        pa_out => Camera_Tilt_Backup(0)__PA ,
        fb => Net_166 ,
        pad => Camera_Tilt_Backup(0)_PAD );
    Properties:
    {
    }

[IoId=4]: 
Pin : Name = Camera_Tilt_MCU(0)
    Attributes:
        In Group/Port: True
        In Sync Option: SYNC
        Out Sync Option: AUTO
        Interrupt generated: False
        Interrupt mode: NONE
        Drive mode: HI_Z_DIGITAL
        VTrip: CMOS
        Slew: FAST
        Input Sync needed: True
        Output Sync needed: False
        SC shield enabled: False
        POR State: ANY
        LCD Mode: COMMON
        Register Mode: RegComb
        CaSense Mode: NEITHER
        Treat as pin: True
        Is OE Registered: False
        Uses Analog: False
        Can contain Digital: True
        Is SIO: False
        SIO Output Buf: NONREGULATED
        SIO Input Buf: SINGLE_ENDED
        SIO HiFreq: LOW
        SIO Hyst: DISABLED
        SIO Vtrip: MULTIPLIER_0_5
        SIO RefSel: VCC_IO
        Required Capabilitites: DIGITAL, ROUTABLE
        Initial Value: 0
        IO Voltage: 0
    PORT MAP (
        pa_out => Camera_Tilt_MCU(0)__PA ,
        fb => Net_165 ,
        pad => Camera_Tilt_MCU(0)_PAD );
    Properties:
    {
    }

[IoId=5]: 
Pin : Name = Camera_Pan(0)
    Attributes:
        In Group/Port: True
        In Sync Option: AUTO
        Out Sync Option: NOSYNC
        Interrupt generated: False
        Interrupt mode: NONE
        Drive mode: CMOS_OUT
        VTrip: EITHER
        Slew: FAST
        Input Sync needed: False
        Output Sync needed: False
        SC shield enabled: False
        POR State: ANY
        LCD Mode: COMMON
        Register Mode: RegComb
        CaSense Mode: NEITHER
        Treat as pin: True
        Is OE Registered: False
        Uses Analog: False
        Can contain Digital: True
        Is SIO: False
        SIO Output Buf: NONREGULATED
        SIO Input Buf: SINGLE_ENDED
        SIO HiFreq: LOW
        SIO Hyst: DISABLED
        SIO Vtrip: MULTIPLIER_0_5
        SIO RefSel: VCC_IO
        Required Capabilitites: DIGITAL, ROUTABLE
        Initial Value: 1
        IO Voltage: 0
    PORT MAP (
        pa_out => Camera_Pan(0)__PA ,
        input => Net_163 ,
        pad => Camera_Pan(0)_PAD );
    Properties:
    {
    }

[IoId=6]: 
Pin : Name = Camera_Pan_Backup(0)
    Attributes:
        In Group/Port: True
        In Sync Option: SYNC
        Out Sync Option: AUTO
        Interrupt generated: False
        Interrupt mode: NONE
        Drive mode: HI_Z_DIGITAL
        VTrip: CMOS
        Slew: FAST
        Input Sync needed: True
        Output Sync needed: False
        SC shield enabled: False
        POR State: ANY
        LCD Mode: COMMON
        Register Mode: RegComb
        CaSense Mode: NEITHER
        Treat as pin: True
        Is OE Registered: False
        Uses Analog: False
        Can contain Digital: True
        Is SIO: False
        SIO Output Buf: NONREGULATED
        SIO Input Buf: SINGLE_ENDED
        SIO HiFreq: LOW
        SIO Hyst: DISABLED
        SIO Vtrip: MULTIPLIER_0_5
        SIO RefSel: VCC_IO
        Required Capabilitites: DIGITAL, ROUTABLE
        Initial Value: 0
        IO Voltage: 0
    PORT MAP (
        pa_out => Camera_Pan_Backup(0)__PA ,
        fb => Net_162 ,
        pad => Camera_Pan_Backup(0)_PAD );
    Properties:
    {
    }

[IoId=7]: 
Pin : Name = Camera_Pan_MCU(0)
    Attributes:
        In Group/Port: True
        In Sync Option: SYNC
        Out Sync Option: AUTO
        Interrupt generated: False
        Interrupt mode: NONE
        Drive mode: HI_Z_DIGITAL
        VTrip: CMOS
        Slew: FAST
        Input Sync needed: True
        Output Sync needed: False
        SC shield enabled: False
        POR State: ANY
        LCD Mode: COMMON
        Register Mode: RegComb
        CaSense Mode: NEITHER
        Treat as pin: True
        Is OE Registered: False
        Uses Analog: False
        Can contain Digital: True
        Is SIO: False
        SIO Output Buf: NONREGULATED
        SIO Input Buf: SINGLE_ENDED
        SIO HiFreq: LOW
        SIO Hyst: DISABLED
        SIO Vtrip: MULTIPLIER_0_5
        SIO RefSel: VCC_IO
        Required Capabilitites: DIGITAL, ROUTABLE
        Initial Value: 0
        IO Voltage: 0
    PORT MAP (
        pa_out => Camera_Pan_MCU(0)__PA ,
        fb => Net_161 ,
        pad => Camera_Pan_MCU(0)_PAD );
    Properties:
    {
    }

Port 1 contains the following IO cells:
[IoId=0]: 
Pin : Name = Drive_Left(0)
    Attributes:
        In Group/Port: True
        In Sync Option: AUTO
        Out Sync Option: NOSYNC
        Interrupt generated: False
        Interrupt mode: NONE
        Drive mode: CMOS_OUT
        VTrip: EITHER
        Slew: FAST
        Input Sync needed: False
        Output Sync needed: False
        SC shield enabled: False
        POR State: ANY
        LCD Mode: COMMON
        Register Mode: RegComb
        CaSense Mode: NEITHER
        Treat as pin: True
        Is OE Registered: False
        Uses Analog: False
        Can contain Digital: True
        Is SIO: False
        SIO Output Buf: NONREGULATED
        SIO Input Buf: SINGLE_ENDED
        SIO HiFreq: LOW
        SIO Hyst: DISABLED
        SIO Vtrip: MULTIPLIER_0_5
        SIO RefSel: VCC_IO
        Required Capabilitites: DIGITAL, ROUTABLE
        Initial Value: 1
        IO Voltage: 0
    PORT MAP (
        pa_out => Drive_Left(0)__PA ,
        input => Net_159 ,
        pad => Drive_Left(0)_PAD );
    Properties:
    {
    }

[IoId=1]: 
Pin : Name = Drive_Left_Backup(0)
    Attributes:
        In Group/Port: True
        In Sync Option: SYNC
        Out Sync Option: AUTO
        Interrupt generated: False
        Interrupt mode: NONE
        Drive mode: HI_Z_DIGITAL
        VTrip: CMOS
        Slew: FAST
        Input Sync needed: True
        Output Sync needed: False
        SC shield enabled: False
        POR State: ANY
        LCD Mode: COMMON
        Register Mode: RegComb
        CaSense Mode: NEITHER
        Treat as pin: True
        Is OE Registered: False
        Uses Analog: False
        Can contain Digital: True
        Is SIO: False
        SIO Output Buf: NONREGULATED
        SIO Input Buf: SINGLE_ENDED
        SIO HiFreq: LOW
        SIO Hyst: DISABLED
        SIO Vtrip: MULTIPLIER_0_5
        SIO RefSel: VCC_IO
        Required Capabilitites: DIGITAL, ROUTABLE
        Initial Value: 0
        IO Voltage: 0
    PORT MAP (
        pa_out => Drive_Left_Backup(0)__PA ,
        fb => Net_267 ,
        pad => Drive_Left_Backup(0)_PAD );
    Properties:
    {
    }

[IoId=2]: 
Pin : Name = Drive_Left_MCU(0)
    Attributes:
        In Group/Port: True
        In Sync Option: SYNC
        Out Sync Option: AUTO
        Interrupt generated: False
        Interrupt mode: NONE
        Drive mode: HI_Z_DIGITAL
        VTrip: CMOS
        Slew: FAST
        Input Sync needed: True
        Output Sync needed: False
        SC shield enabled: False
        POR State: ANY
        LCD Mode: COMMON
        Register Mode: RegComb
        CaSense Mode: NEITHER
        Treat as pin: True
        Is OE Registered: False
        Uses Analog: False
        Can contain Digital: True
        Is SIO: False
        SIO Output Buf: NONREGULATED
        SIO Input Buf: SINGLE_ENDED
        SIO HiFreq: LOW
        SIO Hyst: DISABLED
        SIO Vtrip: MULTIPLIER_0_5
        SIO RefSel: VCC_IO
        Required Capabilitites: DIGITAL, ROUTABLE
        Initial Value: 0
        IO Voltage: 0
    PORT MAP (
        pa_out => Drive_Left_MCU(0)__PA ,
        fb => Net_266 ,
        pad => Drive_Left_MCU(0)_PAD );
    Properties:
    {
    }

[IoId=3]: 
Pin : Name = Drive_Right(0)
    Attributes:
        In Group/Port: True
        In Sync Option: AUTO
        Out Sync Option: NOSYNC
        Interrupt generated: False
        Interrupt mode: NONE
        Drive mode: CMOS_OUT
        VTrip: EITHER
        Slew: FAST
        Input Sync needed: False
        Output Sync needed: False
        SC shield enabled: False
        POR State: ANY
        LCD Mode: COMMON
        Register Mode: RegComb
        CaSense Mode: NEITHER
        Treat as pin: True
        Is OE Registered: False
        Uses Analog: False
        Can contain Digital: True
        Is SIO: False
        SIO Output Buf: NONREGULATED
        SIO Input Buf: SINGLE_ENDED
        SIO HiFreq: LOW
        SIO Hyst: DISABLED
        SIO Vtrip: MULTIPLIER_0_5
        SIO RefSel: VCC_IO
        Required Capabilitites: DIGITAL, ROUTABLE
        Initial Value: 1
        IO Voltage: 0
    PORT MAP (
        pa_out => Drive_Right(0)__PA ,
        input => Net_155 ,
        pad => Drive_Right(0)_PAD );
    Properties:
    {
    }

[IoId=4]: 
Pin : Name = Drive_Right_Backup(0)
    Attributes:
        In Group/Port: True
        In Sync Option: SYNC
        Out Sync Option: AUTO
        Interrupt generated: False
        Interrupt mode: NONE
        Drive mode: HI_Z_DIGITAL
        VTrip: CMOS
        Slew: FAST
        Input Sync needed: True
        Output Sync needed: False
        SC shield enabled: False
        POR State: ANY
        LCD Mode: COMMON
        Register Mode: RegComb
        CaSense Mode: NEITHER
        Treat as pin: True
        Is OE Registered: False
        Uses Analog: False
        Can contain Digital: True
        Is SIO: False
        SIO Output Buf: NONREGULATED
        SIO Input Buf: SINGLE_ENDED
        SIO HiFreq: LOW
        SIO Hyst: DISABLED
        SIO Vtrip: MULTIPLIER_0_5
        SIO RefSel: VCC_IO
        Required Capabilitites: DIGITAL, ROUTABLE
        Initial Value: 0
        IO Voltage: 0
    PORT MAP (
        pa_out => Drive_Right_Backup(0)__PA ,
        fb => Net_200 ,
        pad => Drive_Right_Backup(0)_PAD );
    Properties:
    {
    }

[IoId=5]: 
Pin : Name = Drive_Right_MCU(0)
    Attributes:
        In Group/Port: True
        In Sync Option: SYNC
        Out Sync Option: AUTO
        Interrupt generated: False
        Interrupt mode: NONE
        Drive mode: HI_Z_DIGITAL
        VTrip: CMOS
        Slew: FAST
        Input Sync needed: True
        Output Sync needed: False
        SC shield enabled: False
        POR State: ANY
        LCD Mode: COMMON
        Register Mode: RegComb
        CaSense Mode: NEITHER
        Treat as pin: True
        Is OE Registered: False
        Uses Analog: False
        Can contain Digital: True
        Is SIO: False
        SIO Output Buf: NONREGULATED
        SIO Input Buf: SINGLE_ENDED
        SIO HiFreq: LOW
        SIO Hyst: DISABLED
        SIO Vtrip: MULTIPLIER_0_5
        SIO RefSel: VCC_IO
        Required Capabilitites: DIGITAL, ROUTABLE
        Initial Value: 0
        IO Voltage: 0
    PORT MAP (
        pa_out => Drive_Right_MCU(0)__PA ,
        fb => Net_153 ,
        pad => Drive_Right_MCU(0)_PAD );
    Properties:
    {
    }

[IoId=6]: 
Pin : Name = LED(0)
    Attributes:
        In Group/Port: True
        In Sync Option: AUTO
        Out Sync Option: NOSYNC
        Interrupt generated: False
        Interrupt mode: NONE
        Drive mode: CMOS_OUT
        VTrip: EITHER
        Slew: FAST
        Input Sync needed: False
        Output Sync needed: False
        SC shield enabled: False
        POR State: ANY
        LCD Mode: COMMON
        Register Mode: RegComb
        CaSense Mode: NEITHER
        Treat as pin: True
        Is OE Registered: False
        Uses Analog: False
        Can contain Digital: True
        Is SIO: False
        SIO Output Buf: NONREGULATED
        SIO Input Buf: SINGLE_ENDED
        SIO HiFreq: LOW
        SIO Hyst: DISABLED
        SIO Vtrip: MULTIPLIER_0_5
        SIO RefSel: VCC_IO
        Required Capabilitites: DIGITAL
        Initial Value: 0
        IO Voltage: 0
    PORT MAP (
        pa_out => LED(0)__PA ,
        pad => LED(0)_PAD );
    Properties:
    {
    }

Port 2 contains the following IO cells:
[IoId=0]: 
Pin : Name = CONTROL(0)
    Attributes:
        In Group/Port: True
        In Sync Option: SYNC
        Out Sync Option: AUTO
        Interrupt generated: False
        Interrupt mode: NONE
        Drive mode: HI_Z_DIGITAL
        VTrip: CMOS
        Slew: FAST
        Input Sync needed: True
        Output Sync needed: False
        SC shield enabled: False
        POR State: ANY
        LCD Mode: COMMON
        Register Mode: RegComb
        CaSense Mode: NEITHER
        Treat as pin: True
        Is OE Registered: False
        Uses Analog: False
        Can contain Digital: True
        Is SIO: False
        SIO Output Buf: NONREGULATED
        SIO Input Buf: SINGLE_ENDED
        SIO HiFreq: LOW
        SIO Hyst: DISABLED
        SIO Vtrip: MULTIPLIER_0_5
        SIO RefSel: VCC_IO
        Required Capabilitites: DIGITAL, ROUTABLE
        Initial Value: 0
        IO Voltage: 0
    PORT MAP (
        pa_out => CONTROL(0)__PA ,
        fb => Net_582 ,
        pad => CONTROL(0)_PAD );
    Properties:
    {
    }

[IoId=1]: 
Pin : Name = INPUT_SELECT(0)
    Attributes:
        In Group/Port: True
        In Sync Option: SYNC
        Out Sync Option: NOSYNC
        Interrupt generated: False
        Interrupt mode: NONE
        Drive mode: CMOS_OUT
        VTrip: CMOS
        Slew: FAST
        Input Sync needed: True
        Output Sync needed: False
        SC shield enabled: False
        POR State: ANY
        LCD Mode: COMMON
        Register Mode: RegComb
        CaSense Mode: NEITHER
        Treat as pin: False
        Is OE Registered: False
        Uses Analog: False
        Can contain Digital: True
        Is SIO: False
        SIO Output Buf: NONREGULATED
        SIO Input Buf: SINGLE_ENDED
        SIO HiFreq: LOW
        SIO Hyst: DISABLED
        SIO Vtrip: MULTIPLIER_0_5
        SIO RefSel: VCC_IO
        Required Capabilitites: DIGITAL, ROUTABLE
        Initial Value: 0
        IO Voltage: 0
    PORT MAP (
        pa_out => INPUT_SELECT(0)__PA ,
        fb => Net_278_0 ,
        pad => INPUT_SELECT(0)_PAD );
    Properties:
    {
    }

[IoId=2]: 
Pin : Name = INPUT_SELECT(1)
    Attributes:
        In Group/Port: True
        In Sync Option: SYNC
        Out Sync Option: NOSYNC
        Interrupt generated: False
        Interrupt mode: NONE
        Drive mode: CMOS_OUT
        VTrip: CMOS
        Slew: FAST
        Input Sync needed: True
        Output Sync needed: False
        SC shield enabled: False
        POR State: ANY
        LCD Mode: COMMON
        Register Mode: RegComb
        CaSense Mode: NEITHER
        Treat as pin: False
        Is OE Registered: False
        Uses Analog: False
        Can contain Digital: True
        Is SIO: False
        SIO Output Buf: NONREGULATED
        SIO Input Buf: SINGLE_ENDED
        SIO HiFreq: LOW
        SIO Hyst: DISABLED
        SIO Vtrip: MULTIPLIER_0_5
        SIO RefSel: VCC_IO
        Required Capabilitites: DIGITAL, ROUTABLE
        Initial Value: 0
        IO Voltage: 0
    PORT MAP (
        pa_out => INPUT_SELECT(1)__PA ,
        fb => Net_278_1 ,
        pad => INPUT_SELECT(1)_PAD );
    Properties:
    {
    }

[IoId=3]: 
Pin : Name = Camera_Sel_MCU(0)
    Attributes:
        In Group/Port: True
        In Sync Option: SYNC
        Out Sync Option: AUTO
        Interrupt generated: False
        Interrupt mode: NONE
        Drive mode: HI_Z_DIGITAL
        VTrip: CMOS
        Slew: FAST
        Input Sync needed: True
        Output Sync needed: False
        SC shield enabled: False
        POR State: ANY
        LCD Mode: COMMON
        Register Mode: RegComb
        CaSense Mode: NEITHER
        Treat as pin: True
        Is OE Registered: False
        Uses Analog: False
        Can contain Digital: True
        Is SIO: False
        SIO Output Buf: NONREGULATED
        SIO Input Buf: SINGLE_ENDED
        SIO HiFreq: LOW
        SIO Hyst: DISABLED
        SIO Vtrip: MULTIPLIER_0_5
        SIO RefSel: VCC_IO
        Required Capabilitites: DIGITAL, ROUTABLE
        Initial Value: 0
        IO Voltage: 0
    PORT MAP (
        pa_out => Camera_Sel_MCU(0)__PA ,
        fb => Net_301 ,
        pad => Camera_Sel_MCU(0)_PAD );
    Properties:
    {
    }

[IoId=4]: 
Pin : Name = Camera_Sel_Backup(0)
    Attributes:
        In Group/Port: True
        In Sync Option: SYNC
        Out Sync Option: AUTO
        Interrupt generated: False
        Interrupt mode: NONE
        Drive mode: HI_Z_DIGITAL
        VTrip: CMOS
        Slew: FAST
        Input Sync needed: True
        Output Sync needed: False
        SC shield enabled: False
        POR State: ANY
        LCD Mode: COMMON
        Register Mode: RegComb
        CaSense Mode: NEITHER
        Treat as pin: True
        Is OE Registered: False
        Uses Analog: False
        Can contain Digital: True
        Is SIO: False
        SIO Output Buf: NONREGULATED
        SIO Input Buf: SINGLE_ENDED
        SIO HiFreq: LOW
        SIO Hyst: DISABLED
        SIO Vtrip: MULTIPLIER_0_5
        SIO RefSel: VCC_IO
        Required Capabilitites: DIGITAL, ROUTABLE
        Initial Value: 0
        IO Voltage: 0
    PORT MAP (
        pa_out => Camera_Sel_Backup(0)__PA ,
        fb => Net_305 ,
        pad => Camera_Sel_Backup(0)_PAD );
    Properties:
    {
    }

[IoId=5]: 
Pin : Name = Camera_select(0)
    Attributes:
        In Group/Port: True
        In Sync Option: AUTO
        Out Sync Option: NOSYNC
        Interrupt generated: False
        Interrupt mode: NONE
        Drive mode: CMOS_OUT
        VTrip: EITHER
        Slew: FAST
        Input Sync needed: False
        Output Sync needed: False
        SC shield enabled: False
        POR State: ANY
        LCD Mode: COMMON
        Register Mode: RegComb
        CaSense Mode: NEITHER
        Treat as pin: True
        Is OE Registered: False
        Uses Analog: False
        Can contain Digital: True
        Is SIO: False
        SIO Output Buf: NONREGULATED
        SIO Input Buf: SINGLE_ENDED
        SIO HiFreq: LOW
        SIO Hyst: DISABLED
        SIO Vtrip: MULTIPLIER_0_5
        SIO RefSel: VCC_IO
        Required Capabilitites: DIGITAL, ROUTABLE
        Initial Value: 1
        IO Voltage: 0
    PORT MAP (
        pa_out => Camera_select(0)__PA ,
        input => Net_303 ,
        pad => Camera_select(0)_PAD );
    Properties:
    {
    }

Port 3 is empty
Port 4 is empty
Clock group 0: 
    M0S8 Clock Block @ [FFB(Clock,0)]: 
    m0s8clockblockcell: Name =ClockBlock
        PORT MAP (
            dsi_in_0 => ClockBlock_Routed1 ,
            lfclk => ClockBlock_LFCLK ,
            ilo => ClockBlock_ILO ,
            sysclk => ClockBlock_SYSCLK ,
            ext => ClockBlock_EXTCLK ,
            imo => ClockBlock_IMO ,
            hfclk => ClockBlock_HFCLK ,
            ff_div_8 => Net_64_ff8 ,
            ff_div_9 => Net_313_ff9 ,
            ff_div_10 => Net_332_ff10 ,
            ff_div_11 => Net_209_ff11 );
        Properties:
        {
        }
PM group 0: empty
SPC group 0: empty
WDT group 0: empty
FSS group 0: empty
Low Power Comparator group 0: empty
Serial Communication Block group 0: empty
CSD Fixed Block group 0: empty
8-bit CapSense IDAC group 0: empty
7-bit CapSense IDAC group 0: empty
TCPWM Block group 0: 
    Tcpwm Block @ [FFB(TCPWM,0)]: 
    m0s8tcpwmcell: Name =\Cam_sel_PWM:cy_m0s8_tcpwm_1\
        PORT MAP (
            clock => Net_332_ff10 ,
            capture => zero ,
            count => tmpOE__INPUT_SELECT_net_1 ,
            reload => zero ,
            stop => zero ,
            start => zero ,
            tr_underflow => Net_361 ,
            tr_overflow => Net_360 ,
            tr_compare_match => Net_362 ,
            line_out => Net_322 ,
            line_out_compl => Net_364 ,
            interrupt => Net_326 );
        Properties:
        {
            cy_registers = ""
        }
    Tcpwm Block @ [FFB(TCPWM,1)]: 
    m0s8tcpwmcell: Name =\Mux_timer:cy_m0s8_tcpwm_1\
        PORT MAP (
            clock => Net_64_ff8 ,
            capture => Net_582 ,
            count => tmpOE__INPUT_SELECT_net_1 ,
            reload => Net_582 ,
            stop => Net_582 ,
            start => Net_582 ,
            tr_underflow => Net_60 ,
            tr_overflow => Net_59 ,
            tr_compare_match => Net_61 ,
            line_out => Net_62 ,
            line_out_compl => Net_63 ,
            interrupt => Net_58 );
        Properties:
        {
            cy_registers = ""
        }
    Tcpwm Block @ [FFB(TCPWM,2)]: 
    m0s8tcpwmcell: Name =\Cam_Sel_timer:cy_m0s8_tcpwm_1\
        PORT MAP (
            clock => Net_313_ff9 ,
            capture => Net_305 ,
            count => tmpOE__INPUT_SELECT_net_1 ,
            reload => Net_305 ,
            stop => Net_305 ,
            start => Net_305 ,
            tr_underflow => Net_318 ,
            tr_overflow => Net_317 ,
            tr_compare_match => Net_319 ,
            line_out => Net_320 ,
            line_out_compl => Net_321 ,
            interrupt => Net_307 );
        Properties:
        {
            cy_registers = ""
        }
    Tcpwm Block @ [FFB(TCPWM,3)]: 
    m0s8tcpwmcell: Name =\Default_PWM:cy_m0s8_tcpwm_1\
        PORT MAP (
            clock => Net_209_ff11 ,
            capture => zero ,
            count => tmpOE__INPUT_SELECT_net_1 ,
            reload => zero ,
            stop => zero ,
            start => zero ,
            tr_underflow => Net_371 ,
            tr_overflow => Net_370 ,
            tr_compare_match => Net_372 ,
            line_out => Net_199 ,
            line_out_compl => Net_373 ,
            interrupt => Net_203 );
        Properties:
        {
            cy_registers = ""
        }
Comparator/Opamp Fixed Block group 0: empty
Temperature Sensor group 0: empty
SAR Fixed Block group 0: empty
Segment LCD Block group 0: empty
CLK_GEN group 0: 
    M0S8 Clock Gen Block @ [FFB(CLK_GEN,0)]: 
    m0s8clockgenblockcell: Name =ClockGenBlock
        PORT MAP (
             );
        Properties:
        {
        }
LPCOMPBLOCK group 0: empty
CTBMBLOCK group 0: empty
ANAPUMP group 0: empty
</CYPRESSTAG>
<CYPRESSTAG name="Port Configuration Details">

------------------------------------------------------------
Port Configuration report
------------------------------------------------------------
     |     |       | Interrupt |                  |                       | 
Port | Pin | Fixed |      Type |       Drive Mode |                  Name | Connections
-----+-----+-------+-----------+------------------+-----------------------+--------------
   0 |   1 |     * |      NONE |     HI_Z_DIGITAL |         Arm_select(0) | 
     |   2 |     * |      NONE |         CMOS_OUT |        Camera_Tilt(0) | In(Net_167)
     |   3 |     * |      NONE |     HI_Z_DIGITAL | Camera_Tilt_Backup(0) | FB(Net_166)
     |   4 |     * |      NONE |     HI_Z_DIGITAL |    Camera_Tilt_MCU(0) | FB(Net_165)
     |   5 |     * |      NONE |         CMOS_OUT |         Camera_Pan(0) | In(Net_163)
     |   6 |     * |      NONE |     HI_Z_DIGITAL |  Camera_Pan_Backup(0) | FB(Net_162)
     |   7 |     * |      NONE |     HI_Z_DIGITAL |     Camera_Pan_MCU(0) | FB(Net_161)
-----+-----+-------+-----------+------------------+-----------------------+--------------
   1 |   0 |     * |      NONE |         CMOS_OUT |         Drive_Left(0) | In(Net_159)
     |   1 |     * |      NONE |     HI_Z_DIGITAL |  Drive_Left_Backup(0) | FB(Net_267)
     |   2 |     * |      NONE |     HI_Z_DIGITAL |     Drive_Left_MCU(0) | FB(Net_266)
     |   3 |     * |      NONE |         CMOS_OUT |        Drive_Right(0) | In(Net_155)
     |   4 |     * |      NONE |     HI_Z_DIGITAL | Drive_Right_Backup(0) | FB(Net_200)
     |   5 |     * |      NONE |     HI_Z_DIGITAL |    Drive_Right_MCU(0) | FB(Net_153)
     |   6 |     * |      NONE |         CMOS_OUT |                LED(0) | 
-----+-----+-------+-----------+------------------+-----------------------+--------------
   2 |   0 |     * |      NONE |     HI_Z_DIGITAL |            CONTROL(0) | FB(Net_582)
     |   1 |     * |      NONE |         CMOS_OUT |       INPUT_SELECT(0) | FB(Net_278_0)
     |   2 |     * |      NONE |         CMOS_OUT |       INPUT_SELECT(1) | FB(Net_278_1)
     |   3 |     * |      NONE |     HI_Z_DIGITAL |     Camera_Sel_MCU(0) | FB(Net_301)
     |   4 |     * |      NONE |     HI_Z_DIGITAL |  Camera_Sel_Backup(0) | FB(Net_305)
     |   5 |     * |      NONE |         CMOS_OUT |      Camera_select(0) | In(Net_303)
-----------------------------------------------------------------------------------------
</CYPRESSTAG>
</CYPRESSTAG>
</CYPRESSTAG>
Digital component placer commit/Report: Elapsed time ==> 0s.004ms
Digital Placement phase: Elapsed time ==> 0s.631ms
</CYPRESSTAG>
<CYPRESSTAG name="Digital Routing">
Routing successful.
Digital Routing phase: Elapsed time ==> 0s.744ms
</CYPRESSTAG>
<CYPRESSTAG name="Bitstream and API generation">
Bitstream and API generation phase: Elapsed time ==> 0s.162ms
</CYPRESSTAG>
<CYPRESSTAG name="Bitstream verification">
Bitstream verification phase: Elapsed time ==> 0s.048ms
</CYPRESSTAG>
<CYPRESSTAG name="Static timing analysis">
Timing report is in PWM_MUX_timing.html.
Static timing analysis phase: Elapsed time ==> 0s.324ms
</CYPRESSTAG>
<CYPRESSTAG name="Data reporting">
Data reporting phase: Elapsed time ==> 0s.000ms
</CYPRESSTAG>
<CYPRESSTAG name="Database update...">
Design database save phase: Elapsed time ==> 0s.205ms
</CYPRESSTAG>
cydsfit: Elapsed time ==> 2s.952ms
</CYPRESSTAG>
Fitter phase: Elapsed time ==> 3s.023ms
API generation phase: Elapsed time ==> 2s.439ms
Dependency generation phase: Elapsed time ==> 0s.028ms
Cleanup phase: Elapsed time ==> 0s.040ms
