ARM GAS  C:\Users\Jacob\AppData\Local\Temp\ccLQ6Gd2.s 			page 1


   1              		.cpu cortex-m0
   2              		.fpu softvfp
   3              		.eabi_attribute 20, 1
   4              		.eabi_attribute 21, 1
   5              		.eabi_attribute 23, 3
   6              		.eabi_attribute 24, 1
   7              		.eabi_attribute 25, 1
   8              		.eabi_attribute 26, 1
   9              		.eabi_attribute 30, 6
  10              		.eabi_attribute 34, 0
  11              		.eabi_attribute 18, 4
  12              		.code	16
  13              		.file	"INPUT_SELECT.c"
  14              		.text
  15              	.Ltext0:
  16              		.cfi_sections	.debug_frame
  17              		.section	.text.INPUT_SELECT_Write,"ax",%progbits
  18              		.align	2
  19              		.global	INPUT_SELECT_Write
  20              		.code	16
  21              		.thumb_func
  22              		.type	INPUT_SELECT_Write, %function
  23              	INPUT_SELECT_Write:
  24              	.LFB0:
  25              		.file 1 ".\\Generated_Source\\PSoC4\\INPUT_SELECT.c"
   1:.\Generated_Source\PSoC4/INPUT_SELECT.c **** /*******************************************************************************
   2:.\Generated_Source\PSoC4/INPUT_SELECT.c **** * File Name: INPUT_SELECT.c  
   3:.\Generated_Source\PSoC4/INPUT_SELECT.c **** * Version 2.10
   4:.\Generated_Source\PSoC4/INPUT_SELECT.c **** *
   5:.\Generated_Source\PSoC4/INPUT_SELECT.c **** * Description:
   6:.\Generated_Source\PSoC4/INPUT_SELECT.c **** *  This file contains API to enable firmware control of a Pins component.
   7:.\Generated_Source\PSoC4/INPUT_SELECT.c **** *
   8:.\Generated_Source\PSoC4/INPUT_SELECT.c **** * Note:
   9:.\Generated_Source\PSoC4/INPUT_SELECT.c **** *
  10:.\Generated_Source\PSoC4/INPUT_SELECT.c **** ********************************************************************************
  11:.\Generated_Source\PSoC4/INPUT_SELECT.c **** * Copyright 2008-2014, Cypress Semiconductor Corporation.  All rights reserved.
  12:.\Generated_Source\PSoC4/INPUT_SELECT.c **** * You may use this file only in accordance with the license, terms, conditions, 
  13:.\Generated_Source\PSoC4/INPUT_SELECT.c **** * disclaimers, and limitations in the end user license agreement accompanying 
  14:.\Generated_Source\PSoC4/INPUT_SELECT.c **** * the software package with which this file was provided.
  15:.\Generated_Source\PSoC4/INPUT_SELECT.c **** *******************************************************************************/
  16:.\Generated_Source\PSoC4/INPUT_SELECT.c **** 
  17:.\Generated_Source\PSoC4/INPUT_SELECT.c **** #include "cytypes.h"
  18:.\Generated_Source\PSoC4/INPUT_SELECT.c **** #include "INPUT_SELECT.h"
  19:.\Generated_Source\PSoC4/INPUT_SELECT.c **** 
  20:.\Generated_Source\PSoC4/INPUT_SELECT.c **** #define SetP4PinDriveMode(shift, mode)  \
  21:.\Generated_Source\PSoC4/INPUT_SELECT.c ****     do { \
  22:.\Generated_Source\PSoC4/INPUT_SELECT.c ****         INPUT_SELECT_PC =   (INPUT_SELECT_PC & \
  23:.\Generated_Source\PSoC4/INPUT_SELECT.c ****                                 (uint32)(~(uint32)(INPUT_SELECT_DRIVE_MODE_IND_MASK << (INPUT_SELEC
  24:.\Generated_Source\PSoC4/INPUT_SELECT.c ****                                 (uint32)((uint32)(mode) << (INPUT_SELECT_DRIVE_MODE_BITS * (shift))
  25:.\Generated_Source\PSoC4/INPUT_SELECT.c ****     } while (0)
  26:.\Generated_Source\PSoC4/INPUT_SELECT.c **** 
  27:.\Generated_Source\PSoC4/INPUT_SELECT.c **** 
  28:.\Generated_Source\PSoC4/INPUT_SELECT.c **** /*******************************************************************************
  29:.\Generated_Source\PSoC4/INPUT_SELECT.c **** * Function Name: INPUT_SELECT_Write
  30:.\Generated_Source\PSoC4/INPUT_SELECT.c **** ********************************************************************************
  31:.\Generated_Source\PSoC4/INPUT_SELECT.c **** *
  32:.\Generated_Source\PSoC4/INPUT_SELECT.c **** * Summary:
ARM GAS  C:\Users\Jacob\AppData\Local\Temp\ccLQ6Gd2.s 			page 2


  33:.\Generated_Source\PSoC4/INPUT_SELECT.c **** *  Assign a new value to the digital port's data output register.  
  34:.\Generated_Source\PSoC4/INPUT_SELECT.c **** *
  35:.\Generated_Source\PSoC4/INPUT_SELECT.c **** * Parameters:  
  36:.\Generated_Source\PSoC4/INPUT_SELECT.c **** *  prtValue:  The value to be assigned to the Digital Port. 
  37:.\Generated_Source\PSoC4/INPUT_SELECT.c **** *
  38:.\Generated_Source\PSoC4/INPUT_SELECT.c **** * Return: 
  39:.\Generated_Source\PSoC4/INPUT_SELECT.c **** *  None 
  40:.\Generated_Source\PSoC4/INPUT_SELECT.c **** *  
  41:.\Generated_Source\PSoC4/INPUT_SELECT.c **** *******************************************************************************/
  42:.\Generated_Source\PSoC4/INPUT_SELECT.c **** void INPUT_SELECT_Write(uint8 value) 
  43:.\Generated_Source\PSoC4/INPUT_SELECT.c **** {
  26              		.loc 1 43 0
  27              		.cfi_startproc
  28 0000 80B5     		push	{r7, lr}
  29              		.cfi_def_cfa_offset 8
  30              		.cfi_offset 7, -8
  31              		.cfi_offset 14, -4
  32 0002 84B0     		sub	sp, sp, #16
  33              		.cfi_def_cfa_offset 24
  34 0004 00AF     		add	r7, sp, #0
  35              		.cfi_def_cfa_register 7
  36 0006 021C     		mov	r2, r0
  37 0008 FB1D     		add	r3, r7, #7
  38 000a 1A70     		strb	r2, [r3]
  44:.\Generated_Source\PSoC4/INPUT_SELECT.c ****     uint8 drVal = (uint8)(INPUT_SELECT_DR & (uint8)(~INPUT_SELECT_MASK));
  39              		.loc 1 44 0
  40 000c 0E4B     		ldr	r3, .L2
  41 000e 1B68     		ldr	r3, [r3]
  42 0010 DAB2     		uxtb	r2, r3
  43 0012 3B1C     		mov	r3, r7
  44 0014 0F33     		add	r3, r3, #15
  45 0016 3021     		mov	r1, #48
  46 0018 8A43     		bic	r2, r1
  47 001a 1A70     		strb	r2, [r3]
  45:.\Generated_Source\PSoC4/INPUT_SELECT.c ****     drVal = (drVal | ((uint8)(value << INPUT_SELECT_SHIFT) & INPUT_SELECT_MASK));
  48              		.loc 1 45 0
  49 001c FB1D     		add	r3, r7, #7
  50 001e 1B78     		ldrb	r3, [r3]
  51 0020 1B01     		lsl	r3, r3, #4
  52 0022 DAB2     		uxtb	r2, r3
  53 0024 3023     		mov	r3, #48
  54 0026 1340     		and	r3, r2
  55 0028 D9B2     		uxtb	r1, r3
  56 002a 3B1C     		mov	r3, r7
  57 002c 0F33     		add	r3, r3, #15
  58 002e 3A1C     		mov	r2, r7
  59 0030 0F32     		add	r2, r2, #15
  60 0032 1278     		ldrb	r2, [r2]
  61 0034 0A43     		orr	r2, r1
  62 0036 1A70     		strb	r2, [r3]
  46:.\Generated_Source\PSoC4/INPUT_SELECT.c ****     INPUT_SELECT_DR = (uint32)drVal;
  63              		.loc 1 46 0
  64 0038 034B     		ldr	r3, .L2
  65 003a 3A1C     		mov	r2, r7
  66 003c 0F32     		add	r2, r2, #15
  67 003e 1278     		ldrb	r2, [r2]
  68 0040 1A60     		str	r2, [r3]
ARM GAS  C:\Users\Jacob\AppData\Local\Temp\ccLQ6Gd2.s 			page 3


  47:.\Generated_Source\PSoC4/INPUT_SELECT.c **** }
  69              		.loc 1 47 0
  70 0042 BD46     		mov	sp, r7
  71 0044 04B0     		add	sp, sp, #16
  72              		@ sp needed
  73 0046 80BD     		pop	{r7, pc}
  74              	.L3:
  75              		.align	2
  76              	.L2:
  77 0048 00030440 		.word	1074004736
  78              		.cfi_endproc
  79              	.LFE0:
  80              		.size	INPUT_SELECT_Write, .-INPUT_SELECT_Write
  81              		.section	.text.INPUT_SELECT_SetDriveMode,"ax",%progbits
  82              		.align	2
  83              		.global	INPUT_SELECT_SetDriveMode
  84              		.code	16
  85              		.thumb_func
  86              		.type	INPUT_SELECT_SetDriveMode, %function
  87              	INPUT_SELECT_SetDriveMode:
  88              	.LFB1:
  48:.\Generated_Source\PSoC4/INPUT_SELECT.c **** 
  49:.\Generated_Source\PSoC4/INPUT_SELECT.c **** 
  50:.\Generated_Source\PSoC4/INPUT_SELECT.c **** /*******************************************************************************
  51:.\Generated_Source\PSoC4/INPUT_SELECT.c **** * Function Name: INPUT_SELECT_SetDriveMode
  52:.\Generated_Source\PSoC4/INPUT_SELECT.c **** ********************************************************************************
  53:.\Generated_Source\PSoC4/INPUT_SELECT.c **** *
  54:.\Generated_Source\PSoC4/INPUT_SELECT.c **** * Summary:
  55:.\Generated_Source\PSoC4/INPUT_SELECT.c **** *  Change the drive mode on the pins of the port.
  56:.\Generated_Source\PSoC4/INPUT_SELECT.c **** * 
  57:.\Generated_Source\PSoC4/INPUT_SELECT.c **** * Parameters:  
  58:.\Generated_Source\PSoC4/INPUT_SELECT.c **** *  mode:  Change the pins to one of the following drive modes.
  59:.\Generated_Source\PSoC4/INPUT_SELECT.c **** *
  60:.\Generated_Source\PSoC4/INPUT_SELECT.c **** *  INPUT_SELECT_DM_STRONG     Strong Drive 
  61:.\Generated_Source\PSoC4/INPUT_SELECT.c **** *  INPUT_SELECT_DM_OD_HI      Open Drain, Drives High 
  62:.\Generated_Source\PSoC4/INPUT_SELECT.c **** *  INPUT_SELECT_DM_OD_LO      Open Drain, Drives Low 
  63:.\Generated_Source\PSoC4/INPUT_SELECT.c **** *  INPUT_SELECT_DM_RES_UP     Resistive Pull Up 
  64:.\Generated_Source\PSoC4/INPUT_SELECT.c **** *  INPUT_SELECT_DM_RES_DWN    Resistive Pull Down 
  65:.\Generated_Source\PSoC4/INPUT_SELECT.c **** *  INPUT_SELECT_DM_RES_UPDWN  Resistive Pull Up/Down 
  66:.\Generated_Source\PSoC4/INPUT_SELECT.c **** *  INPUT_SELECT_DM_DIG_HIZ    High Impedance Digital 
  67:.\Generated_Source\PSoC4/INPUT_SELECT.c **** *  INPUT_SELECT_DM_ALG_HIZ    High Impedance Analog 
  68:.\Generated_Source\PSoC4/INPUT_SELECT.c **** *
  69:.\Generated_Source\PSoC4/INPUT_SELECT.c **** * Return: 
  70:.\Generated_Source\PSoC4/INPUT_SELECT.c **** *  None
  71:.\Generated_Source\PSoC4/INPUT_SELECT.c **** *
  72:.\Generated_Source\PSoC4/INPUT_SELECT.c **** *******************************************************************************/
  73:.\Generated_Source\PSoC4/INPUT_SELECT.c **** void INPUT_SELECT_SetDriveMode(uint8 mode) 
  74:.\Generated_Source\PSoC4/INPUT_SELECT.c **** {
  89              		.loc 1 74 0
  90              		.cfi_startproc
  91 0000 80B5     		push	{r7, lr}
  92              		.cfi_def_cfa_offset 8
  93              		.cfi_offset 7, -8
  94              		.cfi_offset 14, -4
  95 0002 82B0     		sub	sp, sp, #8
  96              		.cfi_def_cfa_offset 16
  97 0004 00AF     		add	r7, sp, #0
ARM GAS  C:\Users\Jacob\AppData\Local\Temp\ccLQ6Gd2.s 			page 4


  98              		.cfi_def_cfa_register 7
  99 0006 021C     		mov	r2, r0
 100 0008 FB1D     		add	r3, r7, #7
 101 000a 1A70     		strb	r2, [r3]
  75:.\Generated_Source\PSoC4/INPUT_SELECT.c **** 	SetP4PinDriveMode(INPUT_SELECT__0__SHIFT, mode);
 102              		.loc 1 75 0
 103 000c 0B4B     		ldr	r3, .L5
 104 000e 0B4A     		ldr	r2, .L5
 105 0010 1168     		ldr	r1, [r2]
 106 0012 0B4A     		ldr	r2, .L5+4
 107 0014 1140     		and	r1, r2
 108 0016 FA1D     		add	r2, r7, #7
 109 0018 1278     		ldrb	r2, [r2]
 110 001a 1203     		lsl	r2, r2, #12
 111 001c 0A43     		orr	r2, r1
 112 001e 1A60     		str	r2, [r3]
  76:.\Generated_Source\PSoC4/INPUT_SELECT.c **** 	SetP4PinDriveMode(INPUT_SELECT__1__SHIFT, mode);
 113              		.loc 1 76 0
 114 0020 064B     		ldr	r3, .L5
 115 0022 064A     		ldr	r2, .L5
 116 0024 1168     		ldr	r1, [r2]
 117 0026 074A     		ldr	r2, .L5+8
 118 0028 1140     		and	r1, r2
 119 002a FA1D     		add	r2, r7, #7
 120 002c 1278     		ldrb	r2, [r2]
 121 002e D203     		lsl	r2, r2, #15
 122 0030 0A43     		orr	r2, r1
 123 0032 1A60     		str	r2, [r3]
  77:.\Generated_Source\PSoC4/INPUT_SELECT.c **** }
 124              		.loc 1 77 0
 125 0034 BD46     		mov	sp, r7
 126 0036 02B0     		add	sp, sp, #8
 127              		@ sp needed
 128 0038 80BD     		pop	{r7, pc}
 129              	.L6:
 130 003a C046     		.align	2
 131              	.L5:
 132 003c 08030440 		.word	1074004744
 133 0040 FF8FFFFF 		.word	-28673
 134 0044 FF7FFCFF 		.word	-229377
 135              		.cfi_endproc
 136              	.LFE1:
 137              		.size	INPUT_SELECT_SetDriveMode, .-INPUT_SELECT_SetDriveMode
 138              		.section	.text.INPUT_SELECT_Read,"ax",%progbits
 139              		.align	2
 140              		.global	INPUT_SELECT_Read
 141              		.code	16
 142              		.thumb_func
 143              		.type	INPUT_SELECT_Read, %function
 144              	INPUT_SELECT_Read:
 145              	.LFB2:
  78:.\Generated_Source\PSoC4/INPUT_SELECT.c **** 
  79:.\Generated_Source\PSoC4/INPUT_SELECT.c **** 
  80:.\Generated_Source\PSoC4/INPUT_SELECT.c **** /*******************************************************************************
  81:.\Generated_Source\PSoC4/INPUT_SELECT.c **** * Function Name: INPUT_SELECT_Read
  82:.\Generated_Source\PSoC4/INPUT_SELECT.c **** ********************************************************************************
  83:.\Generated_Source\PSoC4/INPUT_SELECT.c **** *
ARM GAS  C:\Users\Jacob\AppData\Local\Temp\ccLQ6Gd2.s 			page 5


  84:.\Generated_Source\PSoC4/INPUT_SELECT.c **** * Summary:
  85:.\Generated_Source\PSoC4/INPUT_SELECT.c **** *  Read the current value on the pins of the Digital Port in right justified 
  86:.\Generated_Source\PSoC4/INPUT_SELECT.c **** *  form.
  87:.\Generated_Source\PSoC4/INPUT_SELECT.c **** *
  88:.\Generated_Source\PSoC4/INPUT_SELECT.c **** * Parameters:  
  89:.\Generated_Source\PSoC4/INPUT_SELECT.c **** *  None 
  90:.\Generated_Source\PSoC4/INPUT_SELECT.c **** *
  91:.\Generated_Source\PSoC4/INPUT_SELECT.c **** * Return: 
  92:.\Generated_Source\PSoC4/INPUT_SELECT.c **** *  Returns the current value of the Digital Port as a right justified number
  93:.\Generated_Source\PSoC4/INPUT_SELECT.c **** *  
  94:.\Generated_Source\PSoC4/INPUT_SELECT.c **** * Note:
  95:.\Generated_Source\PSoC4/INPUT_SELECT.c **** *  Macro INPUT_SELECT_ReadPS calls this function. 
  96:.\Generated_Source\PSoC4/INPUT_SELECT.c **** *  
  97:.\Generated_Source\PSoC4/INPUT_SELECT.c **** *******************************************************************************/
  98:.\Generated_Source\PSoC4/INPUT_SELECT.c **** uint8 INPUT_SELECT_Read(void) 
  99:.\Generated_Source\PSoC4/INPUT_SELECT.c **** {
 146              		.loc 1 99 0
 147              		.cfi_startproc
 148 0000 80B5     		push	{r7, lr}
 149              		.cfi_def_cfa_offset 8
 150              		.cfi_offset 7, -8
 151              		.cfi_offset 14, -4
 152 0002 00AF     		add	r7, sp, #0
 153              		.cfi_def_cfa_register 7
 100:.\Generated_Source\PSoC4/INPUT_SELECT.c ****     return (uint8)((INPUT_SELECT_PS & INPUT_SELECT_MASK) >> INPUT_SELECT_SHIFT);
 154              		.loc 1 100 0
 155 0004 044B     		ldr	r3, .L9
 156 0006 1A68     		ldr	r2, [r3]
 157 0008 3023     		mov	r3, #48
 158 000a 1340     		and	r3, r2
 159 000c 1B09     		lsr	r3, r3, #4
 160 000e DBB2     		uxtb	r3, r3
 101:.\Generated_Source\PSoC4/INPUT_SELECT.c **** }
 161              		.loc 1 101 0
 162 0010 181C     		mov	r0, r3
 163 0012 BD46     		mov	sp, r7
 164              		@ sp needed
 165 0014 80BD     		pop	{r7, pc}
 166              	.L10:
 167 0016 C046     		.align	2
 168              	.L9:
 169 0018 04030440 		.word	1074004740
 170              		.cfi_endproc
 171              	.LFE2:
 172              		.size	INPUT_SELECT_Read, .-INPUT_SELECT_Read
 173              		.section	.text.INPUT_SELECT_ReadDataReg,"ax",%progbits
 174              		.align	2
 175              		.global	INPUT_SELECT_ReadDataReg
 176              		.code	16
 177              		.thumb_func
 178              		.type	INPUT_SELECT_ReadDataReg, %function
 179              	INPUT_SELECT_ReadDataReg:
 180              	.LFB3:
 102:.\Generated_Source\PSoC4/INPUT_SELECT.c **** 
 103:.\Generated_Source\PSoC4/INPUT_SELECT.c **** 
 104:.\Generated_Source\PSoC4/INPUT_SELECT.c **** /*******************************************************************************
 105:.\Generated_Source\PSoC4/INPUT_SELECT.c **** * Function Name: INPUT_SELECT_ReadDataReg
ARM GAS  C:\Users\Jacob\AppData\Local\Temp\ccLQ6Gd2.s 			page 6


 106:.\Generated_Source\PSoC4/INPUT_SELECT.c **** ********************************************************************************
 107:.\Generated_Source\PSoC4/INPUT_SELECT.c **** *
 108:.\Generated_Source\PSoC4/INPUT_SELECT.c **** * Summary:
 109:.\Generated_Source\PSoC4/INPUT_SELECT.c **** *  Read the current value assigned to a Digital Port's data output register
 110:.\Generated_Source\PSoC4/INPUT_SELECT.c **** *
 111:.\Generated_Source\PSoC4/INPUT_SELECT.c **** * Parameters:  
 112:.\Generated_Source\PSoC4/INPUT_SELECT.c **** *  None 
 113:.\Generated_Source\PSoC4/INPUT_SELECT.c **** *
 114:.\Generated_Source\PSoC4/INPUT_SELECT.c **** * Return: 
 115:.\Generated_Source\PSoC4/INPUT_SELECT.c **** *  Returns the current value assigned to the Digital Port's data output register
 116:.\Generated_Source\PSoC4/INPUT_SELECT.c **** *  
 117:.\Generated_Source\PSoC4/INPUT_SELECT.c **** *******************************************************************************/
 118:.\Generated_Source\PSoC4/INPUT_SELECT.c **** uint8 INPUT_SELECT_ReadDataReg(void) 
 119:.\Generated_Source\PSoC4/INPUT_SELECT.c **** {
 181              		.loc 1 119 0
 182              		.cfi_startproc
 183 0000 80B5     		push	{r7, lr}
 184              		.cfi_def_cfa_offset 8
 185              		.cfi_offset 7, -8
 186              		.cfi_offset 14, -4
 187 0002 00AF     		add	r7, sp, #0
 188              		.cfi_def_cfa_register 7
 120:.\Generated_Source\PSoC4/INPUT_SELECT.c ****     return (uint8)((INPUT_SELECT_DR & INPUT_SELECT_MASK) >> INPUT_SELECT_SHIFT);
 189              		.loc 1 120 0
 190 0004 044B     		ldr	r3, .L13
 191 0006 1A68     		ldr	r2, [r3]
 192 0008 3023     		mov	r3, #48
 193 000a 1340     		and	r3, r2
 194 000c 1B09     		lsr	r3, r3, #4
 195 000e DBB2     		uxtb	r3, r3
 121:.\Generated_Source\PSoC4/INPUT_SELECT.c **** }
 196              		.loc 1 121 0
 197 0010 181C     		mov	r0, r3
 198 0012 BD46     		mov	sp, r7
 199              		@ sp needed
 200 0014 80BD     		pop	{r7, pc}
 201              	.L14:
 202 0016 C046     		.align	2
 203              	.L13:
 204 0018 00030440 		.word	1074004736
 205              		.cfi_endproc
 206              	.LFE3:
 207              		.size	INPUT_SELECT_ReadDataReg, .-INPUT_SELECT_ReadDataReg
 208              		.section	.text.INPUT_SELECT_ClearInterrupt,"ax",%progbits
 209              		.align	2
 210              		.global	INPUT_SELECT_ClearInterrupt
 211              		.code	16
 212              		.thumb_func
 213              		.type	INPUT_SELECT_ClearInterrupt, %function
 214              	INPUT_SELECT_ClearInterrupt:
 215              	.LFB4:
 122:.\Generated_Source\PSoC4/INPUT_SELECT.c **** 
 123:.\Generated_Source\PSoC4/INPUT_SELECT.c **** 
 124:.\Generated_Source\PSoC4/INPUT_SELECT.c **** /* If Interrupts Are Enabled for this Pins component */ 
 125:.\Generated_Source\PSoC4/INPUT_SELECT.c **** #if defined(INPUT_SELECT_INTSTAT) 
 126:.\Generated_Source\PSoC4/INPUT_SELECT.c **** 
 127:.\Generated_Source\PSoC4/INPUT_SELECT.c ****     /*******************************************************************************
ARM GAS  C:\Users\Jacob\AppData\Local\Temp\ccLQ6Gd2.s 			page 7


 128:.\Generated_Source\PSoC4/INPUT_SELECT.c ****     * Function Name: INPUT_SELECT_ClearInterrupt
 129:.\Generated_Source\PSoC4/INPUT_SELECT.c ****     ********************************************************************************
 130:.\Generated_Source\PSoC4/INPUT_SELECT.c ****     *
 131:.\Generated_Source\PSoC4/INPUT_SELECT.c ****     * Summary:
 132:.\Generated_Source\PSoC4/INPUT_SELECT.c ****     *  Clears any active interrupts attached to port and returns the value of the 
 133:.\Generated_Source\PSoC4/INPUT_SELECT.c ****     *  interrupt status register.
 134:.\Generated_Source\PSoC4/INPUT_SELECT.c ****     *
 135:.\Generated_Source\PSoC4/INPUT_SELECT.c ****     * Parameters:  
 136:.\Generated_Source\PSoC4/INPUT_SELECT.c ****     *  None 
 137:.\Generated_Source\PSoC4/INPUT_SELECT.c ****     *
 138:.\Generated_Source\PSoC4/INPUT_SELECT.c ****     * Return: 
 139:.\Generated_Source\PSoC4/INPUT_SELECT.c ****     *  Returns the value of the interrupt status register
 140:.\Generated_Source\PSoC4/INPUT_SELECT.c ****     *  
 141:.\Generated_Source\PSoC4/INPUT_SELECT.c ****     *******************************************************************************/
 142:.\Generated_Source\PSoC4/INPUT_SELECT.c ****     uint8 INPUT_SELECT_ClearInterrupt(void) 
 143:.\Generated_Source\PSoC4/INPUT_SELECT.c ****     {
 216              		.loc 1 143 0
 217              		.cfi_startproc
 218 0000 80B5     		push	{r7, lr}
 219              		.cfi_def_cfa_offset 8
 220              		.cfi_offset 7, -8
 221              		.cfi_offset 14, -4
 222 0002 82B0     		sub	sp, sp, #8
 223              		.cfi_def_cfa_offset 16
 224 0004 00AF     		add	r7, sp, #0
 225              		.cfi_def_cfa_register 7
 144:.\Generated_Source\PSoC4/INPUT_SELECT.c **** 		uint8 maskedStatus = (uint8)(INPUT_SELECT_INTSTAT & INPUT_SELECT_MASK);
 226              		.loc 1 144 0
 227 0006 094B     		ldr	r3, .L17
 228 0008 1B68     		ldr	r3, [r3]
 229 000a D9B2     		uxtb	r1, r3
 230 000c FB1D     		add	r3, r7, #7
 231 000e 3022     		mov	r2, #48
 232 0010 0A40     		and	r2, r1
 233 0012 1A70     		strb	r2, [r3]
 145:.\Generated_Source\PSoC4/INPUT_SELECT.c **** 		INPUT_SELECT_INTSTAT = maskedStatus;
 234              		.loc 1 145 0
 235 0014 054B     		ldr	r3, .L17
 236 0016 FA1D     		add	r2, r7, #7
 237 0018 1278     		ldrb	r2, [r2]
 238 001a 1A60     		str	r2, [r3]
 146:.\Generated_Source\PSoC4/INPUT_SELECT.c ****         return maskedStatus >> INPUT_SELECT_SHIFT;
 239              		.loc 1 146 0
 240 001c FB1D     		add	r3, r7, #7
 241 001e 1B78     		ldrb	r3, [r3]
 242 0020 1B09     		lsr	r3, r3, #4
 243 0022 DBB2     		uxtb	r3, r3
 147:.\Generated_Source\PSoC4/INPUT_SELECT.c ****     }
 244              		.loc 1 147 0
 245 0024 181C     		mov	r0, r3
 246 0026 BD46     		mov	sp, r7
 247 0028 02B0     		add	sp, sp, #8
 248              		@ sp needed
 249 002a 80BD     		pop	{r7, pc}
 250              	.L18:
 251              		.align	2
 252              	.L17:
ARM GAS  C:\Users\Jacob\AppData\Local\Temp\ccLQ6Gd2.s 			page 8


 253 002c 10030440 		.word	1074004752
 254              		.cfi_endproc
 255              	.LFE4:
 256              		.size	INPUT_SELECT_ClearInterrupt, .-INPUT_SELECT_ClearInterrupt
 257              		.text
 258              	.Letext0:
 259              		.file 2 ".\\Generated_Source\\PSoC4\\cytypes.h"
 260              		.section	.debug_info,"",%progbits
 261              	.Ldebug_info0:
 262 0000 48010000 		.4byte	0x148
 263 0004 0400     		.2byte	0x4
 264 0006 00000000 		.4byte	.Ldebug_abbrev0
 265 000a 04       		.byte	0x4
 266 000b 01       		.uleb128 0x1
 267 000c 34010000 		.4byte	.LASF24
 268 0010 01       		.byte	0x1
 269 0011 A3000000 		.4byte	.LASF25
 270 0015 FF000000 		.4byte	.LASF26
 271 0019 00000000 		.4byte	.Ldebug_ranges0+0
 272 001d 00000000 		.4byte	0
 273 0021 00000000 		.4byte	.Ldebug_line0
 274 0025 02       		.uleb128 0x2
 275 0026 01       		.byte	0x1
 276 0027 06       		.byte	0x6
 277 0028 08020000 		.4byte	.LASF0
 278 002c 02       		.uleb128 0x2
 279 002d 01       		.byte	0x1
 280 002e 08       		.byte	0x8
 281 002f 57000000 		.4byte	.LASF1
 282 0033 02       		.uleb128 0x2
 283 0034 02       		.byte	0x2
 284 0035 05       		.byte	0x5
 285 0036 EF010000 		.4byte	.LASF2
 286 003a 02       		.uleb128 0x2
 287 003b 02       		.byte	0x2
 288 003c 07       		.byte	0x7
 289 003d 7D000000 		.4byte	.LASF3
 290 0041 02       		.uleb128 0x2
 291 0042 04       		.byte	0x4
 292 0043 05       		.byte	0x5
 293 0044 FF010000 		.4byte	.LASF4
 294 0048 02       		.uleb128 0x2
 295 0049 04       		.byte	0x4
 296 004a 07       		.byte	0x7
 297 004b 6B000000 		.4byte	.LASF5
 298 004f 02       		.uleb128 0x2
 299 0050 08       		.byte	0x8
 300 0051 05       		.byte	0x5
 301 0052 B5010000 		.4byte	.LASF6
 302 0056 02       		.uleb128 0x2
 303 0057 08       		.byte	0x8
 304 0058 07       		.byte	0x7
 305 0059 40000000 		.4byte	.LASF7
 306 005d 03       		.uleb128 0x3
 307 005e 04       		.byte	0x4
 308 005f 05       		.byte	0x5
 309 0060 696E7400 		.ascii	"int\000"
ARM GAS  C:\Users\Jacob\AppData\Local\Temp\ccLQ6Gd2.s 			page 9


 310 0064 02       		.uleb128 0x2
 311 0065 04       		.byte	0x4
 312 0066 07       		.byte	0x7
 313 0067 F2000000 		.4byte	.LASF8
 314 006b 04       		.uleb128 0x4
 315 006c F9010000 		.4byte	.LASF9
 316 0070 02       		.byte	0x2
 317 0071 A1       		.byte	0xa1
 318 0072 2C000000 		.4byte	0x2c
 319 0076 04       		.uleb128 0x4
 320 0077 EB000000 		.4byte	.LASF10
 321 007b 02       		.byte	0x2
 322 007c A3       		.byte	0xa3
 323 007d 48000000 		.4byte	0x48
 324 0081 02       		.uleb128 0x2
 325 0082 04       		.byte	0x4
 326 0083 04       		.byte	0x4
 327 0084 3A000000 		.4byte	.LASF11
 328 0088 02       		.uleb128 0x2
 329 0089 08       		.byte	0x8
 330 008a 04       		.byte	0x4
 331 008b E4000000 		.4byte	.LASF12
 332 008f 02       		.uleb128 0x2
 333 0090 01       		.byte	0x1
 334 0091 08       		.byte	0x8
 335 0092 D0010000 		.4byte	.LASF13
 336 0096 05       		.uleb128 0x5
 337 0097 1C000000 		.4byte	.LASF14
 338 009b 02       		.byte	0x2
 339 009c 4D01     		.2byte	0x14d
 340 009e A2000000 		.4byte	0xa2
 341 00a2 06       		.uleb128 0x6
 342 00a3 76000000 		.4byte	0x76
 343 00a7 07       		.uleb128 0x7
 344 00a8 90000000 		.4byte	.LASF15
 345 00ac 01       		.byte	0x1
 346 00ad 2A       		.byte	0x2a
 347 00ae 00000000 		.4byte	.LFB0
 348 00b2 4C000000 		.4byte	.LFE0-.LFB0
 349 00b6 01       		.uleb128 0x1
 350 00b7 9C       		.byte	0x9c
 351 00b8 D9000000 		.4byte	0xd9
 352 00bc 08       		.uleb128 0x8
 353 00bd 22000000 		.4byte	.LASF17
 354 00c1 01       		.byte	0x1
 355 00c2 2A       		.byte	0x2a
 356 00c3 6B000000 		.4byte	0x6b
 357 00c7 02       		.uleb128 0x2
 358 00c8 91       		.byte	0x91
 359 00c9 6F       		.sleb128 -17
 360 00ca 09       		.uleb128 0x9
 361 00cb 65000000 		.4byte	.LASF22
 362 00cf 01       		.byte	0x1
 363 00d0 2C       		.byte	0x2c
 364 00d1 6B000000 		.4byte	0x6b
 365 00d5 02       		.uleb128 0x2
 366 00d6 91       		.byte	0x91
ARM GAS  C:\Users\Jacob\AppData\Local\Temp\ccLQ6Gd2.s 			page 10


 367 00d7 77       		.sleb128 -9
 368 00d8 00       		.byte	0
 369 00d9 07       		.uleb128 0x7
 370 00da D5010000 		.4byte	.LASF16
 371 00de 01       		.byte	0x1
 372 00df 49       		.byte	0x49
 373 00e0 00000000 		.4byte	.LFB1
 374 00e4 48000000 		.4byte	.LFE1-.LFB1
 375 00e8 01       		.uleb128 0x1
 376 00e9 9C       		.byte	0x9c
 377 00ea FD000000 		.4byte	0xfd
 378 00ee 08       		.uleb128 0x8
 379 00ef B0010000 		.4byte	.LASF18
 380 00f3 01       		.byte	0x1
 381 00f4 49       		.byte	0x49
 382 00f5 6B000000 		.4byte	0x6b
 383 00f9 02       		.uleb128 0x2
 384 00fa 91       		.byte	0x91
 385 00fb 77       		.sleb128 -9
 386 00fc 00       		.byte	0
 387 00fd 0A       		.uleb128 0xa
 388 00fe 28000000 		.4byte	.LASF19
 389 0102 01       		.byte	0x1
 390 0103 62       		.byte	0x62
 391 0104 6B000000 		.4byte	0x6b
 392 0108 00000000 		.4byte	.LFB2
 393 010c 1C000000 		.4byte	.LFE2-.LFB2
 394 0110 01       		.uleb128 0x1
 395 0111 9C       		.byte	0x9c
 396 0112 0A       		.uleb128 0xa
 397 0113 CB000000 		.4byte	.LASF20
 398 0117 01       		.byte	0x1
 399 0118 76       		.byte	0x76
 400 0119 6B000000 		.4byte	0x6b
 401 011d 00000000 		.4byte	.LFB3
 402 0121 1C000000 		.4byte	.LFE3-.LFB3
 403 0125 01       		.uleb128 0x1
 404 0126 9C       		.byte	0x9c
 405 0127 0B       		.uleb128 0xb
 406 0128 00000000 		.4byte	.LASF21
 407 012c 01       		.byte	0x1
 408 012d 8E       		.byte	0x8e
 409 012e 6B000000 		.4byte	0x6b
 410 0132 00000000 		.4byte	.LFB4
 411 0136 30000000 		.4byte	.LFE4-.LFB4
 412 013a 01       		.uleb128 0x1
 413 013b 9C       		.byte	0x9c
 414 013c 09       		.uleb128 0x9
 415 013d C3010000 		.4byte	.LASF23
 416 0141 01       		.byte	0x1
 417 0142 90       		.byte	0x90
 418 0143 6B000000 		.4byte	0x6b
 419 0147 02       		.uleb128 0x2
 420 0148 91       		.byte	0x91
 421 0149 77       		.sleb128 -9
 422 014a 00       		.byte	0
 423 014b 00       		.byte	0
ARM GAS  C:\Users\Jacob\AppData\Local\Temp\ccLQ6Gd2.s 			page 11


 424              		.section	.debug_abbrev,"",%progbits
 425              	.Ldebug_abbrev0:
 426 0000 01       		.uleb128 0x1
 427 0001 11       		.uleb128 0x11
 428 0002 01       		.byte	0x1
 429 0003 25       		.uleb128 0x25
 430 0004 0E       		.uleb128 0xe
 431 0005 13       		.uleb128 0x13
 432 0006 0B       		.uleb128 0xb
 433 0007 03       		.uleb128 0x3
 434 0008 0E       		.uleb128 0xe
 435 0009 1B       		.uleb128 0x1b
 436 000a 0E       		.uleb128 0xe
 437 000b 55       		.uleb128 0x55
 438 000c 17       		.uleb128 0x17
 439 000d 11       		.uleb128 0x11
 440 000e 01       		.uleb128 0x1
 441 000f 10       		.uleb128 0x10
 442 0010 17       		.uleb128 0x17
 443 0011 00       		.byte	0
 444 0012 00       		.byte	0
 445 0013 02       		.uleb128 0x2
 446 0014 24       		.uleb128 0x24
 447 0015 00       		.byte	0
 448 0016 0B       		.uleb128 0xb
 449 0017 0B       		.uleb128 0xb
 450 0018 3E       		.uleb128 0x3e
 451 0019 0B       		.uleb128 0xb
 452 001a 03       		.uleb128 0x3
 453 001b 0E       		.uleb128 0xe
 454 001c 00       		.byte	0
 455 001d 00       		.byte	0
 456 001e 03       		.uleb128 0x3
 457 001f 24       		.uleb128 0x24
 458 0020 00       		.byte	0
 459 0021 0B       		.uleb128 0xb
 460 0022 0B       		.uleb128 0xb
 461 0023 3E       		.uleb128 0x3e
 462 0024 0B       		.uleb128 0xb
 463 0025 03       		.uleb128 0x3
 464 0026 08       		.uleb128 0x8
 465 0027 00       		.byte	0
 466 0028 00       		.byte	0
 467 0029 04       		.uleb128 0x4
 468 002a 16       		.uleb128 0x16
 469 002b 00       		.byte	0
 470 002c 03       		.uleb128 0x3
 471 002d 0E       		.uleb128 0xe
 472 002e 3A       		.uleb128 0x3a
 473 002f 0B       		.uleb128 0xb
 474 0030 3B       		.uleb128 0x3b
 475 0031 0B       		.uleb128 0xb
 476 0032 49       		.uleb128 0x49
 477 0033 13       		.uleb128 0x13
 478 0034 00       		.byte	0
 479 0035 00       		.byte	0
 480 0036 05       		.uleb128 0x5
ARM GAS  C:\Users\Jacob\AppData\Local\Temp\ccLQ6Gd2.s 			page 12


 481 0037 16       		.uleb128 0x16
 482 0038 00       		.byte	0
 483 0039 03       		.uleb128 0x3
 484 003a 0E       		.uleb128 0xe
 485 003b 3A       		.uleb128 0x3a
 486 003c 0B       		.uleb128 0xb
 487 003d 3B       		.uleb128 0x3b
 488 003e 05       		.uleb128 0x5
 489 003f 49       		.uleb128 0x49
 490 0040 13       		.uleb128 0x13
 491 0041 00       		.byte	0
 492 0042 00       		.byte	0
 493 0043 06       		.uleb128 0x6
 494 0044 35       		.uleb128 0x35
 495 0045 00       		.byte	0
 496 0046 49       		.uleb128 0x49
 497 0047 13       		.uleb128 0x13
 498 0048 00       		.byte	0
 499 0049 00       		.byte	0
 500 004a 07       		.uleb128 0x7
 501 004b 2E       		.uleb128 0x2e
 502 004c 01       		.byte	0x1
 503 004d 3F       		.uleb128 0x3f
 504 004e 19       		.uleb128 0x19
 505 004f 03       		.uleb128 0x3
 506 0050 0E       		.uleb128 0xe
 507 0051 3A       		.uleb128 0x3a
 508 0052 0B       		.uleb128 0xb
 509 0053 3B       		.uleb128 0x3b
 510 0054 0B       		.uleb128 0xb
 511 0055 27       		.uleb128 0x27
 512 0056 19       		.uleb128 0x19
 513 0057 11       		.uleb128 0x11
 514 0058 01       		.uleb128 0x1
 515 0059 12       		.uleb128 0x12
 516 005a 06       		.uleb128 0x6
 517 005b 40       		.uleb128 0x40
 518 005c 18       		.uleb128 0x18
 519 005d 9742     		.uleb128 0x2117
 520 005f 19       		.uleb128 0x19
 521 0060 01       		.uleb128 0x1
 522 0061 13       		.uleb128 0x13
 523 0062 00       		.byte	0
 524 0063 00       		.byte	0
 525 0064 08       		.uleb128 0x8
 526 0065 05       		.uleb128 0x5
 527 0066 00       		.byte	0
 528 0067 03       		.uleb128 0x3
 529 0068 0E       		.uleb128 0xe
 530 0069 3A       		.uleb128 0x3a
 531 006a 0B       		.uleb128 0xb
 532 006b 3B       		.uleb128 0x3b
 533 006c 0B       		.uleb128 0xb
 534 006d 49       		.uleb128 0x49
 535 006e 13       		.uleb128 0x13
 536 006f 02       		.uleb128 0x2
 537 0070 18       		.uleb128 0x18
ARM GAS  C:\Users\Jacob\AppData\Local\Temp\ccLQ6Gd2.s 			page 13


 538 0071 00       		.byte	0
 539 0072 00       		.byte	0
 540 0073 09       		.uleb128 0x9
 541 0074 34       		.uleb128 0x34
 542 0075 00       		.byte	0
 543 0076 03       		.uleb128 0x3
 544 0077 0E       		.uleb128 0xe
 545 0078 3A       		.uleb128 0x3a
 546 0079 0B       		.uleb128 0xb
 547 007a 3B       		.uleb128 0x3b
 548 007b 0B       		.uleb128 0xb
 549 007c 49       		.uleb128 0x49
 550 007d 13       		.uleb128 0x13
 551 007e 02       		.uleb128 0x2
 552 007f 18       		.uleb128 0x18
 553 0080 00       		.byte	0
 554 0081 00       		.byte	0
 555 0082 0A       		.uleb128 0xa
 556 0083 2E       		.uleb128 0x2e
 557 0084 00       		.byte	0
 558 0085 3F       		.uleb128 0x3f
 559 0086 19       		.uleb128 0x19
 560 0087 03       		.uleb128 0x3
 561 0088 0E       		.uleb128 0xe
 562 0089 3A       		.uleb128 0x3a
 563 008a 0B       		.uleb128 0xb
 564 008b 3B       		.uleb128 0x3b
 565 008c 0B       		.uleb128 0xb
 566 008d 27       		.uleb128 0x27
 567 008e 19       		.uleb128 0x19
 568 008f 49       		.uleb128 0x49
 569 0090 13       		.uleb128 0x13
 570 0091 11       		.uleb128 0x11
 571 0092 01       		.uleb128 0x1
 572 0093 12       		.uleb128 0x12
 573 0094 06       		.uleb128 0x6
 574 0095 40       		.uleb128 0x40
 575 0096 18       		.uleb128 0x18
 576 0097 9742     		.uleb128 0x2117
 577 0099 19       		.uleb128 0x19
 578 009a 00       		.byte	0
 579 009b 00       		.byte	0
 580 009c 0B       		.uleb128 0xb
 581 009d 2E       		.uleb128 0x2e
 582 009e 01       		.byte	0x1
 583 009f 3F       		.uleb128 0x3f
 584 00a0 19       		.uleb128 0x19
 585 00a1 03       		.uleb128 0x3
 586 00a2 0E       		.uleb128 0xe
 587 00a3 3A       		.uleb128 0x3a
 588 00a4 0B       		.uleb128 0xb
 589 00a5 3B       		.uleb128 0x3b
 590 00a6 0B       		.uleb128 0xb
 591 00a7 27       		.uleb128 0x27
 592 00a8 19       		.uleb128 0x19
 593 00a9 49       		.uleb128 0x49
 594 00aa 13       		.uleb128 0x13
ARM GAS  C:\Users\Jacob\AppData\Local\Temp\ccLQ6Gd2.s 			page 14


 595 00ab 11       		.uleb128 0x11
 596 00ac 01       		.uleb128 0x1
 597 00ad 12       		.uleb128 0x12
 598 00ae 06       		.uleb128 0x6
 599 00af 40       		.uleb128 0x40
 600 00b0 18       		.uleb128 0x18
 601 00b1 9742     		.uleb128 0x2117
 602 00b3 19       		.uleb128 0x19
 603 00b4 00       		.byte	0
 604 00b5 00       		.byte	0
 605 00b6 00       		.byte	0
 606              		.section	.debug_aranges,"",%progbits
 607 0000 3C000000 		.4byte	0x3c
 608 0004 0200     		.2byte	0x2
 609 0006 00000000 		.4byte	.Ldebug_info0
 610 000a 04       		.byte	0x4
 611 000b 00       		.byte	0
 612 000c 0000     		.2byte	0
 613 000e 0000     		.2byte	0
 614 0010 00000000 		.4byte	.LFB0
 615 0014 4C000000 		.4byte	.LFE0-.LFB0
 616 0018 00000000 		.4byte	.LFB1
 617 001c 48000000 		.4byte	.LFE1-.LFB1
 618 0020 00000000 		.4byte	.LFB2
 619 0024 1C000000 		.4byte	.LFE2-.LFB2
 620 0028 00000000 		.4byte	.LFB3
 621 002c 1C000000 		.4byte	.LFE3-.LFB3
 622 0030 00000000 		.4byte	.LFB4
 623 0034 30000000 		.4byte	.LFE4-.LFB4
 624 0038 00000000 		.4byte	0
 625 003c 00000000 		.4byte	0
 626              		.section	.debug_ranges,"",%progbits
 627              	.Ldebug_ranges0:
 628 0000 00000000 		.4byte	.LFB0
 629 0004 4C000000 		.4byte	.LFE0
 630 0008 00000000 		.4byte	.LFB1
 631 000c 48000000 		.4byte	.LFE1
 632 0010 00000000 		.4byte	.LFB2
 633 0014 1C000000 		.4byte	.LFE2
 634 0018 00000000 		.4byte	.LFB3
 635 001c 1C000000 		.4byte	.LFE3
 636 0020 00000000 		.4byte	.LFB4
 637 0024 30000000 		.4byte	.LFE4
 638 0028 00000000 		.4byte	0
 639 002c 00000000 		.4byte	0
 640              		.section	.debug_line,"",%progbits
 641              	.Ldebug_line0:
 642 0000 AF000000 		.section	.debug_str,"MS",%progbits,1
 642      02004B00 
 642      00000201 
 642      FB0E0D00 
 642      01010101 
 643              	.LASF21:
 644 0000 494E5055 		.ascii	"INPUT_SELECT_ClearInterrupt\000"
 644      545F5345 
 644      4C454354 
 644      5F436C65 
ARM GAS  C:\Users\Jacob\AppData\Local\Temp\ccLQ6Gd2.s 			page 15


 644      6172496E 
 645              	.LASF14:
 646 001c 72656733 		.ascii	"reg32\000"
 646      3200
 647              	.LASF17:
 648 0022 76616C75 		.ascii	"value\000"
 648      6500
 649              	.LASF19:
 650 0028 494E5055 		.ascii	"INPUT_SELECT_Read\000"
 650      545F5345 
 650      4C454354 
 650      5F526561 
 650      6400
 651              	.LASF11:
 652 003a 666C6F61 		.ascii	"float\000"
 652      7400
 653              	.LASF7:
 654 0040 6C6F6E67 		.ascii	"long long unsigned int\000"
 654      206C6F6E 
 654      6720756E 
 654      7369676E 
 654      65642069 
 655              	.LASF1:
 656 0057 756E7369 		.ascii	"unsigned char\000"
 656      676E6564 
 656      20636861 
 656      7200
 657              	.LASF22:
 658 0065 64725661 		.ascii	"drVal\000"
 658      6C00
 659              	.LASF5:
 660 006b 6C6F6E67 		.ascii	"long unsigned int\000"
 660      20756E73 
 660      69676E65 
 660      6420696E 
 660      7400
 661              	.LASF3:
 662 007d 73686F72 		.ascii	"short unsigned int\000"
 662      7420756E 
 662      7369676E 
 662      65642069 
 662      6E7400
 663              	.LASF15:
 664 0090 494E5055 		.ascii	"INPUT_SELECT_Write\000"
 664      545F5345 
 664      4C454354 
 664      5F577269 
 664      746500
 665              	.LASF25:
 666 00a3 2E5C4765 		.ascii	".\\Generated_Source\\PSoC4\\INPUT_SELECT.c\000"
 666      6E657261 
 666      7465645F 
 666      536F7572 
 666      63655C50 
 667              	.LASF20:
 668 00cb 494E5055 		.ascii	"INPUT_SELECT_ReadDataReg\000"
 668      545F5345 
ARM GAS  C:\Users\Jacob\AppData\Local\Temp\ccLQ6Gd2.s 			page 16


 668      4C454354 
 668      5F526561 
 668      64446174 
 669              	.LASF12:
 670 00e4 646F7562 		.ascii	"double\000"
 670      6C6500
 671              	.LASF10:
 672 00eb 75696E74 		.ascii	"uint32\000"
 672      333200
 673              	.LASF8:
 674 00f2 756E7369 		.ascii	"unsigned int\000"
 674      676E6564 
 674      20696E74 
 674      00
 675              	.LASF26:
 676 00ff 433A5C55 		.ascii	"C:\\Users\\Jacob\\Documents\\Backup_Arm\\Backup_Arm"
 676      73657273 
 676      5C4A6163 
 676      6F625C44 
 676      6F63756D 
 677 012d 2E637964 		.ascii	".cydsn\000"
 677      736E00
 678              	.LASF24:
 679 0134 474E5520 		.ascii	"GNU C 4.8.4 20140526 (release) [ARM/embedded-4_8-br"
 679      4320342E 
 679      382E3420 
 679      32303134 
 679      30353236 
 680 0167 616E6368 		.ascii	"anch revision 211358] -mcpu=cortex-m0 -mthumb -g -O"
 680      20726576 
 680      6973696F 
 680      6E203231 
 680      31333538 
 681 019a 30202D66 		.ascii	"0 -ffunction-sections\000"
 681      66756E63 
 681      74696F6E 
 681      2D736563 
 681      74696F6E 
 682              	.LASF18:
 683 01b0 6D6F6465 		.ascii	"mode\000"
 683      00
 684              	.LASF6:
 685 01b5 6C6F6E67 		.ascii	"long long int\000"
 685      206C6F6E 
 685      6720696E 
 685      7400
 686              	.LASF23:
 687 01c3 6D61736B 		.ascii	"maskedStatus\000"
 687      65645374 
 687      61747573 
 687      00
 688              	.LASF13:
 689 01d0 63686172 		.ascii	"char\000"
 689      00
 690              	.LASF16:
 691 01d5 494E5055 		.ascii	"INPUT_SELECT_SetDriveMode\000"
 691      545F5345 
ARM GAS  C:\Users\Jacob\AppData\Local\Temp\ccLQ6Gd2.s 			page 17


 691      4C454354 
 691      5F536574 
 691      44726976 
 692              	.LASF2:
 693 01ef 73686F72 		.ascii	"short int\000"
 693      7420696E 
 693      7400
 694              	.LASF9:
 695 01f9 75696E74 		.ascii	"uint8\000"
 695      3800
 696              	.LASF4:
 697 01ff 6C6F6E67 		.ascii	"long int\000"
 697      20696E74 
 697      00
 698              	.LASF0:
 699 0208 7369676E 		.ascii	"signed char\000"
 699      65642063 
 699      68617200 
 700              		.ident	"GCC: (GNU Tools for ARM Embedded Processors) 4.8.4 20140526 (release) [ARM/embedded-4_8-br
